PROCESS=ggA800ToZH500
scaleCurrent PtRecoMoriondllbbOneMuPartonNoneOld
fileName ~/data/histos_PtReco//PtRecoMoriond/histos_llbb_OneMu_Parton.root
histoPath 
histoName PtReco_all_None
name 
scaleCurrent PtRecoMoriondllbbOneMuPartonNoneNew
fileName ~/data/histos_PtReco//PtRecoMoriond/histos_llbb_OneMu_Parton.root
histoPath 
histoName PtReco_nosld_None
name 
fileName ~/data/histos_PtReco//PtRecoMoriond/histos_llbb_OneMu_Parton.root
histoPath 
histoName PtReco_mu_None
name 
fileName ~/data/histos_PtReco//PtRecoMoriond/histos_llbb_OneMu_Parton.root
histoPath 
histoName PtReco_el_None
name 
scaleCurrent PtRecoMoriondllbbOneMuPartonGaussOld
fileName ~/data/histos_PtReco//PtRecoMoriond/histos_llbb_OneMu_Parton.root
histoPath 
histoName PtReco_all_Gauss
name 
scaleCurrent PtRecoMoriondllbbOneMuPartonGaussNew
fileName ~/data/histos_PtReco//PtRecoMoriond/histos_llbb_OneMu_Parton.root
histoPath 
histoName PtReco_nosld_Gauss
name 
fileName ~/data/histos_PtReco//PtRecoMoriond/histos_llbb_OneMu_Parton.root
histoPath 
histoName PtReco_mu_Gauss
name 
fileName ~/data/histos_PtReco//PtRecoMoriond/histos_llbb_OneMu_Parton.root
histoPath 
histoName PtReco_el_Gauss
name 
scaleCurrent PtRecoMoriondllbbOneMuPartonBukinOld
fileName ~/data/histos_PtReco//PtRecoMoriond/histos_llbb_OneMu_Parton.root
histoPath 
histoName PtReco_all_Bukin
name 
scaleCurrent PtRecoMoriondllbbOneMuPartonBukinNew
fileName ~/data/histos_PtReco//PtRecoMoriond/histos_llbb_OneMu_Parton.root
histoPath 
histoName PtReco_nosld_Bukin
name 
fileName ~/data/histos_PtReco//PtRecoMoriond/histos_llbb_OneMu_Parton.root
histoPath 
histoName PtReco_mu_Bukin
name 
fileName ~/data/histos_PtReco//PtRecoMoriond/histos_llbb_OneMu_Parton.root
histoPath 
histoName PtReco_el_Bukin
name 
scaleCurrent PtRecoMoriondllbbOneMuTruthWZNoneOld
fileName ~/data/histos_PtReco//PtRecoMoriond/histos_llbb_OneMu_TruthWZ.root
histoPath 
histoName PtReco_all_None
name 
scaleCurrent PtRecoMoriondllbbOneMuTruthWZNoneNew
fileName ~/data/histos_PtReco//PtRecoMoriond/histos_llbb_OneMu_TruthWZ.root
histoPath 
histoName PtReco_nosld_None
name 
fileName ~/data/histos_PtReco//PtRecoMoriond/histos_llbb_OneMu_TruthWZ.root
histoPath 
histoName PtReco_mu_None
name 
fileName ~/data/histos_PtReco//PtRecoMoriond/histos_llbb_OneMu_TruthWZ.root
histoPath 
histoName PtReco_el_None
name 
scaleCurrent PtRecoMoriondllbbOneMuTruthWZGaussOld
fileName ~/data/histos_PtReco//PtRecoMoriond/histos_llbb_OneMu_TruthWZ.root
histoPath 
histoName PtReco_all_Gauss
name 
scaleCurrent PtRecoMoriondllbbOneMuTruthWZGaussNew
fileName ~/data/histos_PtReco//PtRecoMoriond/histos_llbb_OneMu_TruthWZ.root
histoPath 
histoName PtReco_nosld_Gauss
name 
fileName ~/data/histos_PtReco//PtRecoMoriond/histos_llbb_OneMu_TruthWZ.root
histoPath 
histoName PtReco_mu_Gauss
name 
fileName ~/data/histos_PtReco//PtRecoMoriond/histos_llbb_OneMu_TruthWZ.root
histoPath 
histoName PtReco_el_Gauss
name 
scaleCurrent PtRecoMoriondllbbOneMuTruthWZBukinOld
fileName ~/data/histos_PtReco//PtRecoMoriond/histos_llbb_OneMu_TruthWZ.root
histoPath 
histoName PtReco_all_Bukin
name 
scaleCurrent PtRecoMoriondllbbOneMuTruthWZBukinNew
fileName ~/data/histos_PtReco//PtRecoMoriond/histos_llbb_OneMu_TruthWZ.root
histoPath 
histoName PtReco_nosld_Bukin
name 
fileName ~/data/histos_PtReco//PtRecoMoriond/histos_llbb_OneMu_TruthWZ.root
histoPath 
histoName PtReco_mu_Bukin
name 
fileName ~/data/histos_PtReco//PtRecoMoriond/histos_llbb_OneMu_TruthWZ.root
histoPath 
histoName PtReco_el_Bukin
name 
scaleCurrent PtRecoMoriondllbbAllMuPartonNoneOld
fileName ~/data/histos_PtReco//PtRecoMoriond/histos_llbb_AllMu_Parton.root
histoPath 
histoName PtReco_all_None
name 
scaleCurrent PtRecoMoriondllbbAllMuPartonNoneNew
fileName ~/data/histos_PtReco//PtRecoMoriond/histos_llbb_AllMu_Parton.root
histoPath 
histoName PtReco_nosld_None
name 
fileName ~/data/histos_PtReco//PtRecoMoriond/histos_llbb_AllMu_Parton.root
histoPath 
histoName PtReco_mu_None
name 
fileName ~/data/histos_PtReco//PtRecoMoriond/histos_llbb_AllMu_Parton.root
histoPath 
histoName PtReco_el_None
name 
scaleCurrent PtRecoMoriondllbbAllMuPartonGaussOld
fileName ~/data/histos_PtReco//PtRecoMoriond/histos_llbb_AllMu_Parton.root
histoPath 
histoName PtReco_all_Gauss
name 
scaleCurrent PtRecoMoriondllbbAllMuPartonGaussNew
fileName ~/data/histos_PtReco//PtRecoMoriond/histos_llbb_AllMu_Parton.root
histoPath 
histoName PtReco_nosld_Gauss
name 
fileName ~/data/histos_PtReco//PtRecoMoriond/histos_llbb_AllMu_Parton.root
histoPath 
histoName PtReco_mu_Gauss
name 
fileName ~/data/histos_PtReco//PtRecoMoriond/histos_llbb_AllMu_Parton.root
histoPath 
histoName PtReco_el_Gauss
name 
scaleCurrent PtRecoMoriondllbbAllMuPartonBukinOld
fileName ~/data/histos_PtReco//PtRecoMoriond/histos_llbb_AllMu_Parton.root
histoPath 
histoName PtReco_all_Bukin
name 
scaleCurrent PtRecoMoriondllbbAllMuPartonBukinNew
fileName ~/data/histos_PtReco//PtRecoMoriond/histos_llbb_AllMu_Parton.root
histoPath 
histoName PtReco_nosld_Bukin
name 
fileName ~/data/histos_PtReco//PtRecoMoriond/histos_llbb_AllMu_Parton.root
histoPath 
histoName PtReco_mu_Bukin
name 
fileName ~/data/histos_PtReco//PtRecoMoriond/histos_llbb_AllMu_Parton.root
histoPath 
histoName PtReco_el_Bukin
name 
scaleCurrent PtRecoMoriondllbbAllMuTruthWZNoneOld
fileName ~/data/histos_PtReco//PtRecoMoriond/histos_llbb_AllMu_TruthWZ.root
histoPath 
histoName PtReco_all_None
name 
scaleCurrent PtRecoMoriondllbbAllMuTruthWZNoneNew
fileName ~/data/histos_PtReco//PtRecoMoriond/histos_llbb_AllMu_TruthWZ.root
histoPath 
histoName PtReco_nosld_None
name 
fileName ~/data/histos_PtReco//PtRecoMoriond/histos_llbb_AllMu_TruthWZ.root
histoPath 
histoName PtReco_mu_None
name 
fileName ~/data/histos_PtReco//PtRecoMoriond/histos_llbb_AllMu_TruthWZ.root
histoPath 
histoName PtReco_el_None
name 
scaleCurrent PtRecoMoriondllbbAllMuTruthWZGaussOld
fileName ~/data/histos_PtReco//PtRecoMoriond/histos_llbb_AllMu_TruthWZ.root
histoPath 
histoName PtReco_all_Gauss
name 
scaleCurrent PtRecoMoriondllbbAllMuTruthWZGaussNew
fileName ~/data/histos_PtReco//PtRecoMoriond/histos_llbb_AllMu_TruthWZ.root
histoPath 
histoName PtReco_nosld_Gauss
name 
fileName ~/data/histos_PtReco//PtRecoMoriond/histos_llbb_AllMu_TruthWZ.root
histoPath 
histoName PtReco_mu_Gauss
name 
fileName ~/data/histos_PtReco//PtRecoMoriond/histos_llbb_AllMu_TruthWZ.root
histoPath 
histoName PtReco_el_Gauss
name 
scaleCurrent PtRecoMoriondllbbAllMuTruthWZBukinOld
fileName ~/data/histos_PtReco//PtRecoMoriond/histos_llbb_AllMu_TruthWZ.root
histoPath 
histoName PtReco_all_Bukin
name 
scaleCurrent PtRecoMoriondllbbAllMuTruthWZBukinNew
fileName ~/data/histos_PtReco//PtRecoMoriond/histos_llbb_AllMu_TruthWZ.root
histoPath 
histoName PtReco_nosld_Bukin
name 
fileName ~/data/histos_PtReco//PtRecoMoriond/histos_llbb_AllMu_TruthWZ.root
histoPath 
histoName PtReco_mu_Bukin
name 
fileName ~/data/histos_PtReco//PtRecoMoriond/histos_llbb_AllMu_TruthWZ.root
histoPath 
histoName PtReco_el_Bukin
name 
list_scale ['PtRecoMoriondllbbOneMuPartonNoneOld', 'PtRecoMoriondllbbOneMuPartonNoneNew', 'PtRecoMoriondllbbOneMuPartonGaussOld', 'PtRecoMoriondllbbOneMuPartonGaussNew', 'PtRecoMoriondllbbOneMuPartonBukinOld', 'PtRecoMoriondllbbOneMuPartonBukinNew', 'PtRecoMoriondllbbOneMuTruthWZNoneOld', 'PtRecoMoriondllbbOneMuTruthWZNoneNew', 'PtRecoMoriondllbbOneMuTruthWZGaussOld', 'PtRecoMoriondllbbOneMuTruthWZGaussNew', 'PtRecoMoriondllbbOneMuTruthWZBukinOld', 'PtRecoMoriondllbbOneMuTruthWZBukinNew', 'PtRecoMoriondllbbAllMuPartonNoneOld', 'PtRecoMoriondllbbAllMuPartonNoneNew', 'PtRecoMoriondllbbAllMuPartonGaussOld', 'PtRecoMoriondllbbAllMuPartonGaussNew', 'PtRecoMoriondllbbAllMuPartonBukinOld', 'PtRecoMoriondllbbAllMuPartonBukinNew', 'PtRecoMoriondllbbAllMuTruthWZNoneOld', 'PtRecoMoriondllbbAllMuTruthWZNoneNew', 'PtRecoMoriondllbbAllMuTruthWZGaussOld', 'PtRecoMoriondllbbAllMuTruthWZGaussNew', 'PtRecoMoriondllbbAllMuTruthWZBukinOld', 'PtRecoMoriondllbbAllMuTruthWZBukinNew']
scaleCurrent PtRecoMoriondllbbAllMuPartonNoneOld dict_scale_sld_h[scaleCurrent] {'all': <ROOT.TH1F object ("PtReco_all_None") at 0x7fa90fc2a4d0>}
scaleCurrent PtRecoMoriondllbbOneMuTruthWZNoneOld dict_scale_sld_h[scaleCurrent] {'all': <ROOT.TH1F object ("PtReco_all_None") at 0x7fa90fc2ff90>}
scaleCurrent PtRecoMoriondllbbAllMuTruthWZBukinNew dict_scale_sld_h[scaleCurrent] {'mu': <ROOT.TH1F object ("PtReco_mu_Bukin") at 0x7fa90fc3b1b0>, 'nosld': <ROOT.TH1F object ("PtReco_nosld_Bukin") at 0x7fa90fc3a7a0>, 'el': <ROOT.TH1F object ("PtReco_el_Bukin") at 0x7fa90fc3ba70>}
scaleCurrent PtRecoMoriondllbbOneMuPartonNoneOld dict_scale_sld_h[scaleCurrent] {'all': <ROOT.TH1F object ("PtReco_all_None") at 0x7fa90fb60630>}
scaleCurrent PtRecoMoriondllbbAllMuTruthWZGaussOld dict_scale_sld_h[scaleCurrent] {'all': <ROOT.TH1F object ("PtReco_all_Gauss") at 0x7fa90fc391b0>}
scaleCurrent PtRecoMoriondllbbOneMuTruthWZGaussOld dict_scale_sld_h[scaleCurrent] {'all': <ROOT.TH1F object ("PtReco_all_Gauss") at 0x7fa90fc294a0>}
scaleCurrent PtRecoMoriondllbbOneMuTruthWZBukinNew dict_scale_sld_h[scaleCurrent] {'mu': <ROOT.TH1F object ("PtReco_mu_Bukin") at 0x7fa90fc2a100>, 'nosld': <ROOT.TH1F object ("PtReco_nosld_Bukin") at 0x7fa90fc32fa0>, 'el': <ROOT.TH1F object ("PtReco_el_Bukin") at 0x7fa90fc05780>}
scaleCurrent PtRecoMoriondllbbAllMuTruthWZBukinOld dict_scale_sld_h[scaleCurrent] {'all': <ROOT.TH1F object ("PtReco_all_Bukin") at 0x7fa90fc2ae40>}
scaleCurrent PtRecoMoriondllbbAllMuPartonBukinNew dict_scale_sld_h[scaleCurrent] {'mu': <ROOT.TH1F object ("PtReco_mu_Bukin") at 0x7fa90fc37170>, 'nosld': <ROOT.TH1F object ("PtReco_nosld_Bukin") at 0x7fa90fc36d00>, 'el': <ROOT.TH1F object ("PtReco_el_Bukin") at 0x7fa90fc37680>}
scaleCurrent PtRecoMoriondllbbAllMuTruthWZNoneOld dict_scale_sld_h[scaleCurrent] {'all': <ROOT.TH1F object ("PtReco_all_None") at 0x7fa90fc37c00>}
scaleCurrent PtRecoMoriondllbbOneMuPartonBukinNew dict_scale_sld_h[scaleCurrent] {'mu': <ROOT.TH1F object ("PtReco_mu_Bukin") at 0x7fa90fc2f120>, 'nosld': <ROOT.TH1F object ("PtReco_nosld_Bukin") at 0x7fa90fc2ed30>, 'el': <ROOT.TH1F object ("PtReco_el_Bukin") at 0x7fa90fc2f6e0>}
scaleCurrent PtRecoMoriondllbbOneMuTruthWZNoneNew dict_scale_sld_h[scaleCurrent] {'mu': <ROOT.TH1F object ("PtReco_mu_None") at 0x7fa90fc309e0>, 'nosld': <ROOT.TH1F object ("PtReco_nosld_None") at 0x7fa90fc305e0>, 'el': <ROOT.TH1F object ("PtReco_el_None") at 0x7fa90fc27d10>}
scaleCurrent PtRecoMoriondllbbAllMuTruthWZGaussNew dict_scale_sld_h[scaleCurrent] {'mu': <ROOT.TH1F object ("PtReco_mu_Gauss") at 0x7fa90fc39df0>, 'nosld': <ROOT.TH1F object ("PtReco_nosld_Gauss") at 0x7fa90fc39870>, 'el': <ROOT.TH1F object ("PtReco_el_Gauss") at 0x7fa90fc3a1c0>}
scaleCurrent PtRecoMoriondllbbAllMuPartonNoneNew dict_scale_sld_h[scaleCurrent] {'mu': <ROOT.TH1F object ("PtReco_mu_None") at 0x7fa90fc34950>, 'nosld': <ROOT.TH1F object ("PtReco_nosld_None") at 0x7fa90fc319e0>, 'el': <ROOT.TH1F object ("PtReco_el_None") at 0x7fa90fc32a80>}
scaleCurrent PtRecoMoriondllbbAllMuTruthWZNoneNew dict_scale_sld_h[scaleCurrent] {'mu': <ROOT.TH1F object ("PtReco_mu_None") at 0x7fa90fc386e0>, 'nosld': <ROOT.TH1F object ("PtReco_nosld_None") at 0x7fa90fc38270>, 'el': <ROOT.TH1F object ("PtReco_el_None") at 0x7fa90fc38c30>}
scaleCurrent PtRecoMoriondllbbOneMuPartonBukinOld dict_scale_sld_h[scaleCurrent] {'all': <ROOT.TH1F object ("PtReco_all_Bukin") at 0x7fa90fc2e750>}
scaleCurrent PtRecoMoriondllbbAllMuPartonGaussNew dict_scale_sld_h[scaleCurrent] {'mu': <ROOT.TH1F object ("PtReco_mu_Gauss") at 0x7fa90fc35b90>, 'nosld': <ROOT.TH1F object ("PtReco_nosld_Gauss") at 0x7fa90fc35720>, 'el': <ROOT.TH1F object ("PtReco_el_Gauss") at 0x7fa90fc360a0>}
scaleCurrent PtRecoMoriondllbbOneMuPartonGaussOld dict_scale_sld_h[scaleCurrent] {'all': <ROOT.TH1F object ("PtReco_all_Gauss") at 0x7fa90fc2ccf0>}
scaleCurrent PtRecoMoriondllbbOneMuTruthWZGaussNew dict_scale_sld_h[scaleCurrent] {'mu': <ROOT.TH1F object ("PtReco_mu_Gauss") at 0x7fa90fc298c0>, 'nosld': <ROOT.TH1F object ("PtReco_nosld_Gauss") at 0x7fa90fc04e20>, 'el': <ROOT.TH1F object ("PtReco_el_Gauss") at 0x7fa90fc053b0>}
scaleCurrent PtRecoMoriondllbbOneMuPartonGaussNew dict_scale_sld_h[scaleCurrent] {'mu': <ROOT.TH1F object ("PtReco_mu_Gauss") at 0x7fa90fc287a0>, 'nosld': <ROOT.TH1F object ("PtReco_nosld_Gauss") at 0x7fa90fc276d0>, 'el': <ROOT.TH1F object ("PtReco_el_Gauss") at 0x7fa90fc2d260>}
scaleCurrent PtRecoMoriondllbbOneMuPartonNoneNew dict_scale_sld_h[scaleCurrent] {'mu': <ROOT.TH1F object ("PtReco_mu_None") at 0x7fa90fc2c190>, 'nosld': <ROOT.TH1F object ("PtReco_nosld_None") at 0x7fa90fc28d60>, 'el': <ROOT.TH1F object ("PtReco_el_None") at 0x7fa90fc2c770>}
scaleCurrent PtRecoMoriondllbbAllMuPartonGaussOld dict_scale_sld_h[scaleCurrent] {'all': <ROOT.TH1F object ("PtReco_all_Gauss") at 0x7fa90fc281c0>}
scaleCurrent PtRecoMoriondllbbAllMuPartonBukinOld dict_scale_sld_h[scaleCurrent] {'all': <ROOT.TH1F object ("PtReco_all_Bukin") at 0x7fa90fc36620>}
scaleCurrent PtRecoMoriondllbbOneMuTruthWZBukinOld dict_scale_sld_h[scaleCurrent] {'all': <ROOT.TH1F object ("PtReco_all_Bukin") at 0x7fa90fc29c90>}
scaleCurrent PtRecoTrunkllbbOneMuPartonNoneOld
fileName ~/data/histos_PtReco//PtRecoTrunk/PtReco_histos_llbb_OneMu_Parton.root
histoPath 
histoName PtReco_inclusive_None
name 
scaleCurrent PtRecoTrunkllbbOneMuPartonNoneNew
fileName ~/data/histos_PtReco//PtRecoTrunk/PtReco_histos_llbb_OneMu_Parton.root
histoPath 
histoName PtReco_hadronic_None
name 
fileName ~/data/histos_PtReco//PtRecoTrunk/PtReco_histos_llbb_OneMu_Parton.root
histoPath 
histoName PtReco_muon_None
name 
fileName ~/data/histos_PtReco//PtRecoTrunk/PtReco_histos_llbb_OneMu_Parton.root
histoPath 
histoName PtReco_electron_None
name 
scaleCurrent PtRecoTrunkllbbOneMuPartonGaussOld
fileName ~/data/histos_PtReco//PtRecoTrunk/PtReco_histos_llbb_OneMu_Parton.root
histoPath 
histoName PtReco_inclusive_Gauss
name 
scaleCurrent PtRecoTrunkllbbOneMuPartonGaussNew
fileName ~/data/histos_PtReco//PtRecoTrunk/PtReco_histos_llbb_OneMu_Parton.root
histoPath 
histoName PtReco_hadronic_Gauss
name 
fileName ~/data/histos_PtReco//PtRecoTrunk/PtReco_histos_llbb_OneMu_Parton.root
histoPath 
histoName PtReco_muon_Gauss
name 
fileName ~/data/histos_PtReco//PtRecoTrunk/PtReco_histos_llbb_OneMu_Parton.root
histoPath 
histoName PtReco_electron_Gauss
name 
scaleCurrent PtRecoTrunkllbbOneMuPartonGaussMedianOld
fileName ~/data/histos_PtReco//PtRecoTrunk/PtReco_histos_llbb_OneMu_Parton.root
histoPath 
histoName PtReco_inclusive_GaussMedian
name 
scaleCurrent PtRecoTrunkllbbOneMuPartonGaussMedianNew
fileName ~/data/histos_PtReco//PtRecoTrunk/PtReco_histos_llbb_OneMu_Parton.root
histoPath 
histoName PtReco_hadronic_GaussMedian
name 
fileName ~/data/histos_PtReco//PtRecoTrunk/PtReco_histos_llbb_OneMu_Parton.root
histoPath 
histoName PtReco_muon_GaussMedian
name 
fileName ~/data/histos_PtReco//PtRecoTrunk/PtReco_histos_llbb_OneMu_Parton.root
histoPath 
histoName PtReco_electron_GaussMedian
name 
scaleCurrent PtRecoTrunkllbbOneMuPartonBukinOld
fileName ~/data/histos_PtReco//PtRecoTrunk/PtReco_histos_llbb_OneMu_Parton.root
histoPath 
histoName PtReco_inclusive_Bukin
name 
scaleCurrent PtRecoTrunkllbbOneMuPartonBukinNew
fileName ~/data/histos_PtReco//PtRecoTrunk/PtReco_histos_llbb_OneMu_Parton.root
histoPath 
histoName PtReco_hadronic_Bukin
name 
fileName ~/data/histos_PtReco//PtRecoTrunk/PtReco_histos_llbb_OneMu_Parton.root
histoPath 
histoName PtReco_muon_Bukin
name 
fileName ~/data/histos_PtReco//PtRecoTrunk/PtReco_histos_llbb_OneMu_Parton.root
histoPath 
histoName PtReco_electron_Bukin
name 
scaleCurrent PtRecoTrunkllbbOneMuPartonBukinMedianOld
fileName ~/data/histos_PtReco//PtRecoTrunk/PtReco_histos_llbb_OneMu_Parton.root
histoPath 
histoName PtReco_inclusive_BukinMedian
name 
scaleCurrent PtRecoTrunkllbbOneMuPartonBukinMedianNew
fileName ~/data/histos_PtReco//PtRecoTrunk/PtReco_histos_llbb_OneMu_Parton.root
histoPath 
histoName PtReco_hadronic_BukinMedian
name 
fileName ~/data/histos_PtReco//PtRecoTrunk/PtReco_histos_llbb_OneMu_Parton.root
histoPath 
histoName PtReco_muon_BukinMedian
name 
fileName ~/data/histos_PtReco//PtRecoTrunk/PtReco_histos_llbb_OneMu_Parton.root
histoPath 
histoName PtReco_electron_BukinMedian
name 
scaleCurrent PtRecoTrunkllbbOneMuTruthWZNoneOld
fileName ~/data/histos_PtReco//PtRecoTrunk/PtReco_histos_llbb_OneMu_TruthWZ.root
histoPath 
histoName PtReco_inclusive_None
name 
scaleCurrent PtRecoTrunkllbbOneMuTruthWZNoneNew
fileName ~/data/histos_PtReco//PtRecoTrunk/PtReco_histos_llbb_OneMu_TruthWZ.root
histoPath 
histoName PtReco_hadronic_None
name 
fileName ~/data/histos_PtReco//PtRecoTrunk/PtReco_histos_llbb_OneMu_TruthWZ.root
histoPath 
histoName PtReco_muon_None
name 
fileName ~/data/histos_PtReco//PtRecoTrunk/PtReco_histos_llbb_OneMu_TruthWZ.root
histoPath 
histoName PtReco_electron_None
name 
scaleCurrent PtRecoTrunkllbbOneMuTruthWZGaussOld
fileName ~/data/histos_PtReco//PtRecoTrunk/PtReco_histos_llbb_OneMu_TruthWZ.root
histoPath 
histoName PtReco_inclusive_Gauss
name 
scaleCurrent PtRecoTrunkllbbOneMuTruthWZGaussNew
fileName ~/data/histos_PtReco//PtRecoTrunk/PtReco_histos_llbb_OneMu_TruthWZ.root
histoPath 
histoName PtReco_hadronic_Gauss
name 
fileName ~/data/histos_PtReco//PtRecoTrunk/PtReco_histos_llbb_OneMu_TruthWZ.root
histoPath 
histoName PtReco_muon_Gauss
name 
fileName ~/data/histos_PtReco//PtRecoTrunk/PtReco_histos_llbb_OneMu_TruthWZ.root
histoPath 
histoName PtReco_electron_Gauss
name 
scaleCurrent PtRecoTrunkllbbOneMuTruthWZGaussMedianOld
fileName ~/data/histos_PtReco//PtRecoTrunk/PtReco_histos_llbb_OneMu_TruthWZ.root
histoPath 
histoName PtReco_inclusive_GaussMedian
name 
scaleCurrent PtRecoTrunkllbbOneMuTruthWZGaussMedianNew
fileName ~/data/histos_PtReco//PtRecoTrunk/PtReco_histos_llbb_OneMu_TruthWZ.root
histoPath 
histoName PtReco_hadronic_GaussMedian
name 
fileName ~/data/histos_PtReco//PtRecoTrunk/PtReco_histos_llbb_OneMu_TruthWZ.root
histoPath 
histoName PtReco_muon_GaussMedian
name 
fileName ~/data/histos_PtReco//PtRecoTrunk/PtReco_histos_llbb_OneMu_TruthWZ.root
histoPath 
histoName PtReco_electron_GaussMedian
name 
scaleCurrent PtRecoTrunkllbbOneMuTruthWZBukinOld
fileName ~/data/histos_PtReco//PtRecoTrunk/PtReco_histos_llbb_OneMu_TruthWZ.root
histoPath 
histoName PtReco_inclusive_Bukin
name 
scaleCurrent PtRecoTrunkllbbOneMuTruthWZBukinNew
fileName ~/data/histos_PtReco//PtRecoTrunk/PtReco_histos_llbb_OneMu_TruthWZ.root
histoPath 
histoName PtReco_hadronic_Bukin
name 
fileName ~/data/histos_PtReco//PtRecoTrunk/PtReco_histos_llbb_OneMu_TruthWZ.root
histoPath 
histoName PtReco_muon_Bukin
name 
fileName ~/data/histos_PtReco//PtRecoTrunk/PtReco_histos_llbb_OneMu_TruthWZ.root
histoPath 
histoName PtReco_electron_Bukin
name 
scaleCurrent PtRecoTrunkllbbOneMuTruthWZBukinMedianOld
fileName ~/data/histos_PtReco//PtRecoTrunk/PtReco_histos_llbb_OneMu_TruthWZ.root
histoPath 
histoName PtReco_inclusive_BukinMedian
name 
scaleCurrent PtRecoTrunkllbbOneMuTruthWZBukinMedianNew
fileName ~/data/histos_PtReco//PtRecoTrunk/PtReco_histos_llbb_OneMu_TruthWZ.root
histoPath 
histoName PtReco_hadronic_BukinMedian
name 
fileName ~/data/histos_PtReco//PtRecoTrunk/PtReco_histos_llbb_OneMu_TruthWZ.root
histoPath 
histoName PtReco_muon_BukinMedian
name 
fileName ~/data/histos_PtReco//PtRecoTrunk/PtReco_histos_llbb_OneMu_TruthWZ.root
histoPath 
histoName PtReco_electron_BukinMedian
name 
list_scale ['PtRecoMoriondllbbOneMuPartonNoneOld', 'PtRecoMoriondllbbOneMuPartonNoneNew', 'PtRecoMoriondllbbOneMuPartonGaussOld', 'PtRecoMoriondllbbOneMuPartonGaussNew', 'PtRecoMoriondllbbOneMuPartonBukinOld', 'PtRecoMoriondllbbOneMuPartonBukinNew', 'PtRecoMoriondllbbOneMuTruthWZNoneOld', 'PtRecoMoriondllbbOneMuTruthWZNoneNew', 'PtRecoMoriondllbbOneMuTruthWZGaussOld', 'PtRecoMoriondllbbOneMuTruthWZGaussNew', 'PtRecoMoriondllbbOneMuTruthWZBukinOld', 'PtRecoMoriondllbbOneMuTruthWZBukinNew', 'PtRecoMoriondllbbAllMuPartonNoneOld', 'PtRecoMoriondllbbAllMuPartonNoneNew', 'PtRecoMoriondllbbAllMuPartonGaussOld', 'PtRecoMoriondllbbAllMuPartonGaussNew', 'PtRecoMoriondllbbAllMuPartonBukinOld', 'PtRecoMoriondllbbAllMuPartonBukinNew', 'PtRecoMoriondllbbAllMuTruthWZNoneOld', 'PtRecoMoriondllbbAllMuTruthWZNoneNew', 'PtRecoMoriondllbbAllMuTruthWZGaussOld', 'PtRecoMoriondllbbAllMuTruthWZGaussNew', 'PtRecoMoriondllbbAllMuTruthWZBukinOld', 'PtRecoMoriondllbbAllMuTruthWZBukinNew', 'PtRecoTrunkllbbOneMuPartonNoneOld', 'PtRecoTrunkllbbOneMuPartonNoneNew', 'PtRecoTrunkllbbOneMuPartonGaussOld', 'PtRecoTrunkllbbOneMuPartonGaussNew', 'PtRecoTrunkllbbOneMuPartonGaussMedianOld', 'PtRecoTrunkllbbOneMuPartonGaussMedianNew', 'PtRecoTrunkllbbOneMuPartonBukinOld', 'PtRecoTrunkllbbOneMuPartonBukinNew', 'PtRecoTrunkllbbOneMuPartonBukinMedianOld', 'PtRecoTrunkllbbOneMuPartonBukinMedianNew', 'PtRecoTrunkllbbOneMuTruthWZNoneOld', 'PtRecoTrunkllbbOneMuTruthWZNoneNew', 'PtRecoTrunkllbbOneMuTruthWZGaussOld', 'PtRecoTrunkllbbOneMuTruthWZGaussNew', 'PtRecoTrunkllbbOneMuTruthWZGaussMedianOld', 'PtRecoTrunkllbbOneMuTruthWZGaussMedianNew', 'PtRecoTrunkllbbOneMuTruthWZBukinOld', 'PtRecoTrunkllbbOneMuTruthWZBukinNew', 'PtRecoTrunkllbbOneMuTruthWZBukinMedianOld', 'PtRecoTrunkllbbOneMuTruthWZBukinMedianNew']
scaleCurrent PtRecoTrunkllbbOneMuPartonBukinMedianOld dict_scale_sld_h[scaleCurrent] {'inclusive': <ROOT.TH1F object ("PtReco_inclusive_BukinMedian") at 0x7fa90fc47560>}
scaleCurrent PtRecoTrunkllbbOneMuPartonGaussMedianOld dict_scale_sld_h[scaleCurrent] {'inclusive': <ROOT.TH1F object ("PtReco_inclusive_GaussMedian") at 0x7fa90fc2db90>}
scaleCurrent PtRecoTrunkllbbOneMuPartonBukinNew dict_scale_sld_h[scaleCurrent] {'hadronic': <ROOT.TH1F object ("PtReco_hadronic_Bukin") at 0x7fa90fc4d6b0>, 'muon': <ROOT.TH1F object ("PtReco_muon_Bukin") at 0x7fa90fc470c0>, 'electron': <ROOT.TH1F object ("PtReco_electron_Bukin") at 0x7fa90fc4e0f0>}
scaleCurrent PtRecoMoriondllbbAllMuPartonNoneOld dict_scale_sld_h[scaleCurrent] {'all': <ROOT.TH1F object ("PtReco_all_None") at 0x7fa90fc2a4d0>}
scaleCurrent PtRecoTrunkllbbOneMuTruthWZBukinMedianNew dict_scale_sld_h[scaleCurrent] {'hadronic': <ROOT.TH1F object ("PtReco_hadronic_BukinMedian") at 0x7fa90fc3db40>, 'muon': <ROOT.TH1F object ("PtReco_muon_BukinMedian") at 0x7fa90fc3e0e0>, 'electron': <ROOT.TH1F object ("PtReco_electron_BukinMedian") at 0x7fa90fc3e620>}
scaleCurrent PtRecoTrunkllbbOneMuPartonNoneNew dict_scale_sld_h[scaleCurrent] {'hadronic': <ROOT.TH1F object ("PtReco_hadronic_None") at 0x7fa90fc49600>, 'muon': <ROOT.TH1F object ("PtReco_muon_None") at 0x7fa90fc49aa0>, 'electron': <ROOT.TH1F object ("PtReco_electron_None") at 0x7fa90fc4a030>}
scaleCurrent PtRecoMoriondllbbOneMuTruthWZNoneOld dict_scale_sld_h[scaleCurrent] {'all': <ROOT.TH1F object ("PtReco_all_None") at 0x7fa90fc2ff90>}
scaleCurrent PtRecoMoriondllbbAllMuTruthWZBukinNew dict_scale_sld_h[scaleCurrent] {'mu': <ROOT.TH1F object ("PtReco_mu_Bukin") at 0x7fa90fc3b1b0>, 'nosld': <ROOT.TH1F object ("PtReco_nosld_Bukin") at 0x7fa90fc3a7a0>, 'el': <ROOT.TH1F object ("PtReco_el_Bukin") at 0x7fa90fc3ba70>}
scaleCurrent PtRecoTrunkllbbOneMuTruthWZGaussOld dict_scale_sld_h[scaleCurrent] {'inclusive': <ROOT.TH1F object ("PtReco_inclusive_Gauss") at 0x7fa90fc4f0a0>}
scaleCurrent PtRecoMoriondllbbOneMuPartonNoneOld dict_scale_sld_h[scaleCurrent] {'all': <ROOT.TH1F object ("PtReco_all_None") at 0x7fa90fb60630>}
scaleCurrent PtRecoTrunkllbbOneMuTruthWZGaussMedianNew dict_scale_sld_h[scaleCurrent] {'hadronic': <ROOT.TH1F object ("PtReco_hadronic_GaussMedian") at 0x7fa90fc07960>, 'muon': <ROOT.TH1F object ("PtReco_muon_GaussMedian") at 0x7fa90fc2b3d0>, 'electron': <ROOT.TH1F object ("PtReco_electron_GaussMedian") at 0x7fa90fc07d30>}
scaleCurrent PtRecoMoriondllbbAllMuTruthWZGaussOld dict_scale_sld_h[scaleCurrent] {'all': <ROOT.TH1F object ("PtReco_all_Gauss") at 0x7fa90fc391b0>}
scaleCurrent PtRecoMoriondllbbOneMuTruthWZGaussOld dict_scale_sld_h[scaleCurrent] {'all': <ROOT.TH1F object ("PtReco_all_Gauss") at 0x7fa90fc294a0>}
scaleCurrent PtRecoMoriondllbbOneMuTruthWZBukinNew dict_scale_sld_h[scaleCurrent] {'mu': <ROOT.TH1F object ("PtReco_mu_Bukin") at 0x7fa90fc2a100>, 'nosld': <ROOT.TH1F object ("PtReco_nosld_Bukin") at 0x7fa90fc32fa0>, 'el': <ROOT.TH1F object ("PtReco_el_Bukin") at 0x7fa90fc05780>}
scaleCurrent PtRecoTrunkllbbOneMuTruthWZGaussNew dict_scale_sld_h[scaleCurrent] {'hadronic': <ROOT.TH1F object ("PtReco_hadronic_Gauss") at 0x7fa90fc07410>, 'muon': <ROOT.TH1F object ("PtReco_muon_Gauss") at 0x7fa90fc4f5d0>, 'electron': <ROOT.TH1F object ("PtReco_electron_Gauss") at 0x7fa90fc47980>}
scaleCurrent PtRecoMoriondllbbAllMuTruthWZBukinOld dict_scale_sld_h[scaleCurrent] {'all': <ROOT.TH1F object ("PtReco_all_Bukin") at 0x7fa90fc2ae40>}
scaleCurrent PtRecoTrunkllbbOneMuPartonBukinMedianNew dict_scale_sld_h[scaleCurrent] {'hadronic': <ROOT.TH1F object ("PtReco_hadronic_BukinMedian") at 0x7fa90fc06130>, 'muon': <ROOT.TH1F object ("PtReco_muon_BukinMedian") at 0x7fa90fc47e00>, 'electron': <ROOT.TH1F object ("PtReco_electron_BukinMedian") at 0x7fa90fc46ce0>}
scaleCurrent PtRecoMoriondllbbAllMuPartonBukinNew dict_scale_sld_h[scaleCurrent] {'mu': <ROOT.TH1F object ("PtReco_mu_Bukin") at 0x7fa90fc37170>, 'nosld': <ROOT.TH1F object ("PtReco_nosld_Bukin") at 0x7fa90fc36d00>, 'el': <ROOT.TH1F object ("PtReco_el_Bukin") at 0x7fa90fc37680>}
scaleCurrent PtRecoMoriondllbbAllMuTruthWZNoneOld dict_scale_sld_h[scaleCurrent] {'all': <ROOT.TH1F object ("PtReco_all_None") at 0x7fa90fc37c00>}
scaleCurrent PtRecoMoriondllbbOneMuPartonBukinNew dict_scale_sld_h[scaleCurrent] {'mu': <ROOT.TH1F object ("PtReco_mu_Bukin") at 0x7fa90fc2f120>, 'nosld': <ROOT.TH1F object ("PtReco_nosld_Bukin") at 0x7fa90fc2ed30>, 'el': <ROOT.TH1F object ("PtReco_el_Bukin") at 0x7fa90fc2f6e0>}
scaleCurrent PtRecoMoriondllbbOneMuTruthWZNoneNew dict_scale_sld_h[scaleCurrent] {'mu': <ROOT.TH1F object ("PtReco_mu_None") at 0x7fa90fc309e0>, 'nosld': <ROOT.TH1F object ("PtReco_nosld_None") at 0x7fa90fc305e0>, 'el': <ROOT.TH1F object ("PtReco_el_None") at 0x7fa90fc27d10>}
scaleCurrent PtRecoTrunkllbbOneMuPartonGaussNew dict_scale_sld_h[scaleCurrent] {'hadronic': <ROOT.TH1F object ("PtReco_hadronic_Gauss") at 0x7fa90fc4b0f0>, 'muon': <ROOT.TH1F object ("PtReco_muon_Gauss") at 0x7fa90fc45180>, 'electron': <ROOT.TH1F object ("PtReco_electron_Gauss") at 0x7fa90fc4bb30>}
scaleCurrent PtRecoTrunkllbbOneMuPartonBukinOld dict_scale_sld_h[scaleCurrent] {'inclusive': <ROOT.TH1F object ("PtReco_inclusive_Bukin") at 0x7fa90fc46670>}
scaleCurrent PtRecoMoriondllbbAllMuTruthWZGaussNew dict_scale_sld_h[scaleCurrent] {'mu': <ROOT.TH1F object ("PtReco_mu_Gauss") at 0x7fa90fc39df0>, 'nosld': <ROOT.TH1F object ("PtReco_nosld_Gauss") at 0x7fa90fc39870>, 'el': <ROOT.TH1F object ("PtReco_el_Gauss") at 0x7fa90fc3a1c0>}
scaleCurrent PtRecoTrunkllbbOneMuPartonGaussMedianNew dict_scale_sld_h[scaleCurrent] {'hadronic': <ROOT.TH1F object ("PtReco_hadronic_GaussMedian") at 0x7fa90fc4c190>, 'muon': <ROOT.TH1F object ("PtReco_muon_GaussMedian") at 0x7fa90fc45bb0>, 'electron': <ROOT.TH1F object ("PtReco_electron_GaussMedian") at 0x7fa90fc4cc00>}
scaleCurrent PtRecoTrunkllbbOneMuTruthWZBukinMedianOld dict_scale_sld_h[scaleCurrent] {'inclusive': <ROOT.TH1F object ("PtReco_inclusive_BukinMedian") at 0x7fa90fc3d4e0>}
scaleCurrent PtRecoMoriondllbbAllMuPartonNoneNew dict_scale_sld_h[scaleCurrent] {'mu': <ROOT.TH1F object ("PtReco_mu_None") at 0x7fa90fc34950>, 'nosld': <ROOT.TH1F object ("PtReco_nosld_None") at 0x7fa90fc319e0>, 'el': <ROOT.TH1F object ("PtReco_el_None") at 0x7fa90fc32a80>}
scaleCurrent PtRecoMoriondllbbAllMuTruthWZNoneNew dict_scale_sld_h[scaleCurrent] {'mu': <ROOT.TH1F object ("PtReco_mu_None") at 0x7fa90fc386e0>, 'nosld': <ROOT.TH1F object ("PtReco_nosld_None") at 0x7fa90fc38270>, 'el': <ROOT.TH1F object ("PtReco_el_None") at 0x7fa90fc38c30>}
scaleCurrent PtRecoTrunkllbbOneMuTruthWZBukinNew dict_scale_sld_h[scaleCurrent] {'hadronic': <ROOT.TH1F object ("PtReco_hadronic_Bukin") at 0x7fa90fc3c4b0>, 'muon': <ROOT.TH1F object ("PtReco_muon_Bukin") at 0x7fa90fc3ca30>, 'electron': <ROOT.TH1F object ("PtReco_electron_Bukin") at 0x7fa90fc3cf50>}
scaleCurrent PtRecoMoriondllbbOneMuPartonBukinOld dict_scale_sld_h[scaleCurrent] {'all': <ROOT.TH1F object ("PtReco_all_Bukin") at 0x7fa90fc2e750>}
scaleCurrent PtRecoTrunkllbbOneMuTruthWZNoneNew dict_scale_sld_h[scaleCurrent] {'hadronic': <ROOT.TH1F object ("PtReco_hadronic_None") at 0x7fa90fc06630>, 'muon': <ROOT.TH1F object ("PtReco_muon_None") at 0x7fa90fc4e8f0>, 'electron': <ROOT.TH1F object ("PtReco_electron_None") at 0x7fa90fc06b50>}
scaleCurrent PtRecoMoriondllbbAllMuPartonGaussNew dict_scale_sld_h[scaleCurrent] {'mu': <ROOT.TH1F object ("PtReco_mu_Gauss") at 0x7fa90fc35b90>, 'nosld': <ROOT.TH1F object ("PtReco_nosld_Gauss") at 0x7fa90fc35720>, 'el': <ROOT.TH1F object ("PtReco_el_Gauss") at 0x7fa90fc360a0>}
scaleCurrent PtRecoTrunkllbbOneMuTruthWZGaussMedianOld dict_scale_sld_h[scaleCurrent] {'inclusive': <ROOT.TH1F object ("PtReco_inclusive_GaussMedian") at 0x7fa90fc4d0b0>}
scaleCurrent PtRecoMoriondllbbOneMuPartonGaussOld dict_scale_sld_h[scaleCurrent] {'all': <ROOT.TH1F object ("PtReco_all_Gauss") at 0x7fa90fc2ccf0>}
scaleCurrent PtRecoMoriondllbbOneMuTruthWZGaussNew dict_scale_sld_h[scaleCurrent] {'mu': <ROOT.TH1F object ("PtReco_mu_Gauss") at 0x7fa90fc298c0>, 'nosld': <ROOT.TH1F object ("PtReco_nosld_Gauss") at 0x7fa90fc04e20>, 'el': <ROOT.TH1F object ("PtReco_el_Gauss") at 0x7fa90fc053b0>}
scaleCurrent PtRecoMoriondllbbOneMuPartonGaussNew dict_scale_sld_h[scaleCurrent] {'mu': <ROOT.TH1F object ("PtReco_mu_Gauss") at 0x7fa90fc287a0>, 'nosld': <ROOT.TH1F object ("PtReco_nosld_Gauss") at 0x7fa90fc276d0>, 'el': <ROOT.TH1F object ("PtReco_el_Gauss") at 0x7fa90fc2d260>}
scaleCurrent PtRecoTrunkllbbOneMuTruthWZBukinOld dict_scale_sld_h[scaleCurrent] {'inclusive': <ROOT.TH1F object ("PtReco_inclusive_Bukin") at 0x7fa90fc3bf40>}
scaleCurrent PtRecoTrunkllbbOneMuPartonGaussOld dict_scale_sld_h[scaleCurrent] {'inclusive': <ROOT.TH1F object ("PtReco_inclusive_Gauss") at 0x7fa90fc4a5d0>}
scaleCurrent PtRecoMoriondllbbOneMuPartonNoneNew dict_scale_sld_h[scaleCurrent] {'mu': <ROOT.TH1F object ("PtReco_mu_None") at 0x7fa90fc2c190>, 'nosld': <ROOT.TH1F object ("PtReco_nosld_None") at 0x7fa90fc28d60>, 'el': <ROOT.TH1F object ("PtReco_el_None") at 0x7fa90fc2c770>}
scaleCurrent PtRecoMoriondllbbAllMuPartonGaussOld dict_scale_sld_h[scaleCurrent] {'all': <ROOT.TH1F object ("PtReco_all_Gauss") at 0x7fa90fc281c0>}
scaleCurrent PtRecoTrunkllbbOneMuTruthWZNoneOld dict_scale_sld_h[scaleCurrent] {'inclusive': <ROOT.TH1F object ("PtReco_inclusive_None") at 0x7fa90fc48890>}
scaleCurrent PtRecoMoriondllbbAllMuPartonBukinOld dict_scale_sld_h[scaleCurrent] {'all': <ROOT.TH1F object ("PtReco_all_Bukin") at 0x7fa90fc36620>}
scaleCurrent PtRecoMoriondllbbOneMuTruthWZBukinOld dict_scale_sld_h[scaleCurrent] {'all': <ROOT.TH1F object ("PtReco_all_Bukin") at 0x7fa90fc29c90>}
scaleCurrent PtRecoTrunkllbbOneMuPartonNoneOld dict_scale_sld_h[scaleCurrent] {'inclusive': <ROOT.TH1F object ("PtReco_inclusive_None") at 0x7fa90fc48f40>}
scaleCurrent PtRecoNowllbbOneMuPartonNoneNewTrue
fileName ~/data/histos_PtReco//PtRecoNow/PtReco_histos_llbb_OneMu_Parton_True.root
histoPath 
histoName PtReco_hadronic_None
name 
fileName ~/data/histos_PtReco//PtRecoNow/PtReco_histos_llbb_OneMu_Parton_True.root
histoPath 
histoName PtReco_semileptonic_None
name 
scaleCurrent PtRecoNowllbbOneMuPartonNoneNewFalse
fileName ~/data/histos_PtReco//PtRecoNow/PtReco_histos_llbb_OneMu_Parton_False.root
histoPath 
histoName PtReco_hadronic_None
name 
fileName ~/data/histos_PtReco//PtRecoNow/PtReco_histos_llbb_OneMu_Parton_False.root
histoPath 
histoName PtReco_semileptonic_None
name 
scaleCurrent PtRecoNowllbbOneMuPartonNoneMedianNewTrue
fileName ~/data/histos_PtReco//PtRecoNow/PtReco_histos_llbb_OneMu_Parton_True.root
histoPath 
histoName PtReco_hadronic_NoneMedian
name 
fileName ~/data/histos_PtReco//PtRecoNow/PtReco_histos_llbb_OneMu_Parton_True.root
histoPath 
histoName PtReco_semileptonic_NoneMedian
name 
scaleCurrent PtRecoNowllbbOneMuPartonNoneMedianNewFalse
fileName ~/data/histos_PtReco//PtRecoNow/PtReco_histos_llbb_OneMu_Parton_False.root
histoPath 
histoName PtReco_hadronic_NoneMedian
name 
fileName ~/data/histos_PtReco//PtRecoNow/PtReco_histos_llbb_OneMu_Parton_False.root
histoPath 
histoName PtReco_semileptonic_NoneMedian
name 
scaleCurrent PtRecoNowllbbOneMuPartonGaussNewTrue
fileName ~/data/histos_PtReco//PtRecoNow/PtReco_histos_llbb_OneMu_Parton_True.root
histoPath 
histoName PtReco_hadronic_Gauss
name 
fileName ~/data/histos_PtReco//PtRecoNow/PtReco_histos_llbb_OneMu_Parton_True.root
histoPath 
histoName PtReco_semileptonic_Gauss
name 
scaleCurrent PtRecoNowllbbOneMuPartonGaussNewFalse
fileName ~/data/histos_PtReco//PtRecoNow/PtReco_histos_llbb_OneMu_Parton_False.root
histoPath 
histoName PtReco_hadronic_Gauss
name 
fileName ~/data/histos_PtReco//PtRecoNow/PtReco_histos_llbb_OneMu_Parton_False.root
histoPath 
histoName PtReco_semileptonic_Gauss
name 
scaleCurrent PtRecoNowllbbOneMuPartonGaussMedianNewTrue
fileName ~/data/histos_PtReco//PtRecoNow/PtReco_histos_llbb_OneMu_Parton_True.root
histoPath 
histoName PtReco_hadronic_GaussMedian
name 
fileName ~/data/histos_PtReco//PtRecoNow/PtReco_histos_llbb_OneMu_Parton_True.root
histoPath 
histoName PtReco_semileptonic_GaussMedian
name 
scaleCurrent PtRecoNowllbbOneMuPartonGaussMedianNewFalse
fileName ~/data/histos_PtReco//PtRecoNow/PtReco_histos_llbb_OneMu_Parton_False.root
histoPath 
histoName PtReco_hadronic_GaussMedian
name 
fileName ~/data/histos_PtReco//PtRecoNow/PtReco_histos_llbb_OneMu_Parton_False.root
histoPath 
histoName PtReco_semileptonic_GaussMedian
name 
scaleCurrent PtRecoNowllbbOneMuPartonBukinNewTrue
fileName ~/data/histos_PtReco//PtRecoNow/PtReco_histos_llbb_OneMu_Parton_True.root
histoPath 
histoName PtReco_hadronic_Bukin
name 
fileName ~/data/histos_PtReco//PtRecoNow/PtReco_histos_llbb_OneMu_Parton_True.root
histoPath 
histoName PtReco_semileptonic_Bukin
name 
scaleCurrent PtRecoNowllbbOneMuPartonBukinNewFalse
fileName ~/data/histos_PtReco//PtRecoNow/PtReco_histos_llbb_OneMu_Parton_False.root
histoPath 
histoName PtReco_hadronic_Bukin
name 
fileName ~/data/histos_PtReco//PtRecoNow/PtReco_histos_llbb_OneMu_Parton_False.root
histoPath 
histoName PtReco_semileptonic_Bukin
name 
scaleCurrent PtRecoNowllbbOneMuPartonBukinMedianNewTrue
fileName ~/data/histos_PtReco//PtRecoNow/PtReco_histos_llbb_OneMu_Parton_True.root
histoPath 
histoName PtReco_hadronic_BukinMedian
name 
fileName ~/data/histos_PtReco//PtRecoNow/PtReco_histos_llbb_OneMu_Parton_True.root
histoPath 
histoName PtReco_semileptonic_BukinMedian
name 
scaleCurrent PtRecoNowllbbOneMuPartonBukinMedianNewFalse
fileName ~/data/histos_PtReco//PtRecoNow/PtReco_histos_llbb_OneMu_Parton_False.root
histoPath 
histoName PtReco_hadronic_BukinMedian
name 
fileName ~/data/histos_PtReco//PtRecoNow/PtReco_histos_llbb_OneMu_Parton_False.root
histoPath 
histoName PtReco_semileptonic_BukinMedian
name 
scaleCurrent PtRecoNowllbbOneMuTruthWZNoneNewTrue
fileName ~/data/histos_PtReco//PtRecoNow/PtReco_histos_llbb_OneMu_TruthWZ_True.root
histoPath 
histoName PtReco_hadronic_None
name 
fileName ~/data/histos_PtReco//PtRecoNow/PtReco_histos_llbb_OneMu_TruthWZ_True.root
histoPath 
histoName PtReco_semileptonic_None
name 
scaleCurrent PtRecoNowllbbOneMuTruthWZNoneNewFalse
fileName ~/data/histos_PtReco//PtRecoNow/PtReco_histos_llbb_OneMu_TruthWZ_False.root
histoPath 
histoName PtReco_hadronic_None
name 
fileName ~/data/histos_PtReco//PtRecoNow/PtReco_histos_llbb_OneMu_TruthWZ_False.root
histoPath 
histoName PtReco_semileptonic_None
name 
scaleCurrent PtRecoNowllbbOneMuTruthWZNoneMedianNewTrue
fileName ~/data/histos_PtReco//PtRecoNow/PtReco_histos_llbb_OneMu_TruthWZ_True.root
histoPath 
histoName PtReco_hadronic_NoneMedian
name 
fileName ~/data/histos_PtReco//PtRecoNow/PtReco_histos_llbb_OneMu_TruthWZ_True.root
histoPath 
histoName PtReco_semileptonic_NoneMedian
name 
scaleCurrent PtRecoNowllbbOneMuTruthWZNoneMedianNewFalse
fileName ~/data/histos_PtReco//PtRecoNow/PtReco_histos_llbb_OneMu_TruthWZ_False.root
histoPath 
histoName PtReco_hadronic_NoneMedian
name 
fileName ~/data/histos_PtReco//PtRecoNow/PtReco_histos_llbb_OneMu_TruthWZ_False.root
histoPath 
histoName PtReco_semileptonic_NoneMedian
name 
scaleCurrent PtRecoNowllbbOneMuTruthWZGaussNewTrue
fileName ~/data/histos_PtReco//PtRecoNow/PtReco_histos_llbb_OneMu_TruthWZ_True.root
histoPath 
histoName PtReco_hadronic_Gauss
name 
fileName ~/data/histos_PtReco//PtRecoNow/PtReco_histos_llbb_OneMu_TruthWZ_True.root
histoPath 
histoName PtReco_semileptonic_Gauss
name 
scaleCurrent PtRecoNowllbbOneMuTruthWZGaussNewFalse
fileName ~/data/histos_PtReco//PtRecoNow/PtReco_histos_llbb_OneMu_TruthWZ_False.root
histoPath 
histoName PtReco_hadronic_Gauss
name 
fileName ~/data/histos_PtReco//PtRecoNow/PtReco_histos_llbb_OneMu_TruthWZ_False.root
histoPath 
histoName PtReco_semileptonic_Gauss
name 
scaleCurrent PtRecoNowllbbOneMuTruthWZGaussMedianNewTrue
fileName ~/data/histos_PtReco//PtRecoNow/PtReco_histos_llbb_OneMu_TruthWZ_True.root
histoPath 
histoName PtReco_hadronic_GaussMedian
name 
fileName ~/data/histos_PtReco//PtRecoNow/PtReco_histos_llbb_OneMu_TruthWZ_True.root
histoPath 
histoName PtReco_semileptonic_GaussMedian
name 
scaleCurrent PtRecoNowllbbOneMuTruthWZGaussMedianNewFalse
fileName ~/data/histos_PtReco//PtRecoNow/PtReco_histos_llbb_OneMu_TruthWZ_False.root
histoPath 
histoName PtReco_hadronic_GaussMedian
name 
fileName ~/data/histos_PtReco//PtRecoNow/PtReco_histos_llbb_OneMu_TruthWZ_False.root
histoPath 
histoName PtReco_semileptonic_GaussMedian
name 
scaleCurrent PtRecoNowllbbOneMuTruthWZBukinNewTrue
fileName ~/data/histos_PtReco//PtRecoNow/PtReco_histos_llbb_OneMu_TruthWZ_True.root
histoPath 
histoName PtReco_hadronic_Bukin
name 
fileName ~/data/histos_PtReco//PtRecoNow/PtReco_histos_llbb_OneMu_TruthWZ_True.root
histoPath 
histoName PtReco_semileptonic_Bukin
name 
scaleCurrent PtRecoNowllbbOneMuTruthWZBukinNewFalse
fileName ~/data/histos_PtReco//PtRecoNow/PtReco_histos_llbb_OneMu_TruthWZ_False.root
histoPath 
histoName PtReco_hadronic_Bukin
name 
fileName ~/data/histos_PtReco//PtRecoNow/PtReco_histos_llbb_OneMu_TruthWZ_False.root
histoPath 
histoName PtReco_semileptonic_Bukin
name 
scaleCurrent PtRecoNowllbbOneMuTruthWZBukinMedianNewTrue
fileName ~/data/histos_PtReco//PtRecoNow/PtReco_histos_llbb_OneMu_TruthWZ_True.root
histoPath 
histoName PtReco_hadronic_BukinMedian
name 
fileName ~/data/histos_PtReco//PtRecoNow/PtReco_histos_llbb_OneMu_TruthWZ_True.root
histoPath 
histoName PtReco_semileptonic_BukinMedian
name 
scaleCurrent PtRecoNowllbbOneMuTruthWZBukinMedianNewFalse
fileName ~/data/histos_PtReco//PtRecoNow/PtReco_histos_llbb_OneMu_TruthWZ_False.root
histoPath 
histoName PtReco_hadronic_BukinMedian
name 
fileName ~/data/histos_PtReco//PtRecoNow/PtReco_histos_llbb_OneMu_TruthWZ_False.root
histoPath 
histoName PtReco_semileptonic_BukinMedian
name 
list_scale ['PtRecoMoriondllbbOneMuPartonNoneOld', 'PtRecoMoriondllbbOneMuPartonNoneNew', 'PtRecoMoriondllbbOneMuPartonGaussOld', 'PtRecoMoriondllbbOneMuPartonGaussNew', 'PtRecoMoriondllbbOneMuPartonBukinOld', 'PtRecoMoriondllbbOneMuPartonBukinNew', 'PtRecoMoriondllbbOneMuTruthWZNoneOld', 'PtRecoMoriondllbbOneMuTruthWZNoneNew', 'PtRecoMoriondllbbOneMuTruthWZGaussOld', 'PtRecoMoriondllbbOneMuTruthWZGaussNew', 'PtRecoMoriondllbbOneMuTruthWZBukinOld', 'PtRecoMoriondllbbOneMuTruthWZBukinNew', 'PtRecoMoriondllbbAllMuPartonNoneOld', 'PtRecoMoriondllbbAllMuPartonNoneNew', 'PtRecoMoriondllbbAllMuPartonGaussOld', 'PtRecoMoriondllbbAllMuPartonGaussNew', 'PtRecoMoriondllbbAllMuPartonBukinOld', 'PtRecoMoriondllbbAllMuPartonBukinNew', 'PtRecoMoriondllbbAllMuTruthWZNoneOld', 'PtRecoMoriondllbbAllMuTruthWZNoneNew', 'PtRecoMoriondllbbAllMuTruthWZGaussOld', 'PtRecoMoriondllbbAllMuTruthWZGaussNew', 'PtRecoMoriondllbbAllMuTruthWZBukinOld', 'PtRecoMoriondllbbAllMuTruthWZBukinNew', 'PtRecoTrunkllbbOneMuPartonNoneOld', 'PtRecoTrunkllbbOneMuPartonNoneNew', 'PtRecoTrunkllbbOneMuPartonGaussOld', 'PtRecoTrunkllbbOneMuPartonGaussNew', 'PtRecoTrunkllbbOneMuPartonGaussMedianOld', 'PtRecoTrunkllbbOneMuPartonGaussMedianNew', 'PtRecoTrunkllbbOneMuPartonBukinOld', 'PtRecoTrunkllbbOneMuPartonBukinNew', 'PtRecoTrunkllbbOneMuPartonBukinMedianOld', 'PtRecoTrunkllbbOneMuPartonBukinMedianNew', 'PtRecoTrunkllbbOneMuTruthWZNoneOld', 'PtRecoTrunkllbbOneMuTruthWZNoneNew', 'PtRecoTrunkllbbOneMuTruthWZGaussOld', 'PtRecoTrunkllbbOneMuTruthWZGaussNew', 'PtRecoTrunkllbbOneMuTruthWZGaussMedianOld', 'PtRecoTrunkllbbOneMuTruthWZGaussMedianNew', 'PtRecoTrunkllbbOneMuTruthWZBukinOld', 'PtRecoTrunkllbbOneMuTruthWZBukinNew', 'PtRecoTrunkllbbOneMuTruthWZBukinMedianOld', 'PtRecoTrunkllbbOneMuTruthWZBukinMedianNew', 'PtRecoNowllbbOneMuPartonNoneNewTrue', 'PtRecoNowllbbOneMuPartonNoneNewFalse', 'PtRecoNowllbbOneMuPartonNoneMedianNewTrue', 'PtRecoNowllbbOneMuPartonNoneMedianNewFalse', 'PtRecoNowllbbOneMuPartonGaussNewTrue', 'PtRecoNowllbbOneMuPartonGaussNewFalse', 'PtRecoNowllbbOneMuPartonGaussMedianNewTrue', 'PtRecoNowllbbOneMuPartonGaussMedianNewFalse', 'PtRecoNowllbbOneMuPartonBukinNewTrue', 'PtRecoNowllbbOneMuPartonBukinNewFalse', 'PtRecoNowllbbOneMuPartonBukinMedianNewTrue', 'PtRecoNowllbbOneMuPartonBukinMedianNewFalse', 'PtRecoNowllbbOneMuTruthWZNoneNewTrue', 'PtRecoNowllbbOneMuTruthWZNoneNewFalse', 'PtRecoNowllbbOneMuTruthWZNoneMedianNewTrue', 'PtRecoNowllbbOneMuTruthWZNoneMedianNewFalse', 'PtRecoNowllbbOneMuTruthWZGaussNewTrue', 'PtRecoNowllbbOneMuTruthWZGaussNewFalse', 'PtRecoNowllbbOneMuTruthWZGaussMedianNewTrue', 'PtRecoNowllbbOneMuTruthWZGaussMedianNewFalse', 'PtRecoNowllbbOneMuTruthWZBukinNewTrue', 'PtRecoNowllbbOneMuTruthWZBukinNewFalse', 'PtRecoNowllbbOneMuTruthWZBukinMedianNewTrue', 'PtRecoNowllbbOneMuTruthWZBukinMedianNewFalse']
scaleCurrent PtRecoTrunkllbbOneMuPartonBukinMedianOld dict_scale_sld_h[scaleCurrent] {'inclusive': <ROOT.TH1F object ("PtReco_inclusive_BukinMedian") at 0x7fa90fc47560>}
scaleCurrent PtRecoNowllbbOneMuPartonNoneMedianNewFalse dict_scale_sld_h[scaleCurrent] {'hadronic': <ROOT.TH1F object ("PtReco_hadronic_NoneMedian") at 0x7fa90fc40880>, 'semileptonic': <ROOT.TH1F object ("PtReco_semileptonic_NoneMedian") at 0x7fa90fc40c50>}
scaleCurrent PtRecoNowllbbOneMuTruthWZNoneMedianNewTrue dict_scale_sld_h[scaleCurrent] {'hadronic': <ROOT.TH1F object ("PtReco_hadronic_NoneMedian") at 0x7fa90fc53320>, 'semileptonic': <ROOT.TH1F object ("PtReco_semileptonic_NoneMedian") at 0x7fa90fc53880>}
scaleCurrent PtRecoTrunkllbbOneMuPartonGaussMedianOld dict_scale_sld_h[scaleCurrent] {'inclusive': <ROOT.TH1F object ("PtReco_inclusive_GaussMedian") at 0x7fa90fc2db90>}
scaleCurrent PtRecoNowllbbOneMuTruthWZGaussNewTrue dict_scale_sld_h[scaleCurrent] {'hadronic': <ROOT.TH1F object ("PtReco_hadronic_Gauss") at 0x7fa90fc54bf0>, 'semileptonic': <ROOT.TH1F object ("PtReco_semileptonic_Gauss") at 0x7fa90fc551c0>}
scaleCurrent PtRecoTrunkllbbOneMuPartonBukinNew dict_scale_sld_h[scaleCurrent] {'hadronic': <ROOT.TH1F object ("PtReco_hadronic_Bukin") at 0x7fa90fc4d6b0>, 'muon': <ROOT.TH1F object ("PtReco_muon_Bukin") at 0x7fa90fc470c0>, 'electron': <ROOT.TH1F object ("PtReco_electron_Bukin") at 0x7fa90fc4e0f0>}
scaleCurrent PtRecoMoriondllbbAllMuPartonNoneOld dict_scale_sld_h[scaleCurrent] {'all': <ROOT.TH1F object ("PtReco_all_None") at 0x7fa90fc2a4d0>}
scaleCurrent PtRecoNowllbbOneMuPartonNoneMedianNewTrue dict_scale_sld_h[scaleCurrent] {'hadronic': <ROOT.TH1F object ("PtReco_hadronic_NoneMedian") at 0x7fa90fc400e0>, 'semileptonic': <ROOT.TH1F object ("PtReco_semileptonic_NoneMedian") at 0x7fa90fc404b0>}
scaleCurrent PtRecoTrunkllbbOneMuTruthWZBukinMedianNew dict_scale_sld_h[scaleCurrent] {'hadronic': <ROOT.TH1F object ("PtReco_hadronic_BukinMedian") at 0x7fa90fc3db40>, 'muon': <ROOT.TH1F object ("PtReco_muon_BukinMedian") at 0x7fa90fc3e0e0>, 'electron': <ROOT.TH1F object ("PtReco_electron_BukinMedian") at 0x7fa90fc3e620>}
scaleCurrent PtRecoNowllbbOneMuPartonBukinMedianNewFalse dict_scale_sld_h[scaleCurrent] {'hadronic': <ROOT.TH1F object ("PtReco_hadronic_BukinMedian") at 0x7fa90fc43070>, 'semileptonic': <ROOT.TH1F object ("PtReco_semileptonic_BukinMedian") at 0x7fa90fc43440>}
scaleCurrent PtRecoTrunkllbbOneMuPartonNoneNew dict_scale_sld_h[scaleCurrent] {'hadronic': <ROOT.TH1F object ("PtReco_hadronic_None") at 0x7fa90fc49600>, 'muon': <ROOT.TH1F object ("PtReco_muon_None") at 0x7fa90fc49aa0>, 'electron': <ROOT.TH1F object ("PtReco_electron_None") at 0x7fa90fc4a030>}
scaleCurrent PtRecoMoriondllbbOneMuTruthWZNoneOld dict_scale_sld_h[scaleCurrent] {'all': <ROOT.TH1F object ("PtReco_all_None") at 0x7fa90fc2ff90>}
scaleCurrent PtRecoMoriondllbbAllMuTruthWZBukinNew dict_scale_sld_h[scaleCurrent] {'mu': <ROOT.TH1F object ("PtReco_mu_Bukin") at 0x7fa90fc3b1b0>, 'nosld': <ROOT.TH1F object ("PtReco_nosld_Bukin") at 0x7fa90fc3a7a0>, 'el': <ROOT.TH1F object ("PtReco_el_Bukin") at 0x7fa90fc3ba70>}
scaleCurrent PtRecoTrunkllbbOneMuTruthWZGaussOld dict_scale_sld_h[scaleCurrent] {'inclusive': <ROOT.TH1F object ("PtReco_inclusive_Gauss") at 0x7fa90fc4f0a0>}
scaleCurrent PtRecoNowllbbOneMuPartonGaussNewFalse dict_scale_sld_h[scaleCurrent] {'hadronic': <ROOT.TH1F object ("PtReco_hadronic_Gauss") at 0x7fa90fc413f0>, 'semileptonic': <ROOT.TH1F object ("PtReco_semileptonic_Gauss") at 0x7fa90fc30df0>}
scaleCurrent PtRecoMoriondllbbOneMuPartonNoneOld dict_scale_sld_h[scaleCurrent] {'all': <ROOT.TH1F object ("PtReco_all_None") at 0x7fa90fb60630>}
scaleCurrent PtRecoNowllbbOneMuPartonBukinMedianNewTrue dict_scale_sld_h[scaleCurrent] {'hadronic': <ROOT.TH1F object ("PtReco_hadronic_BukinMedian") at 0x7fa90fc42ae0>, 'semileptonic': <ROOT.TH1F object ("PtReco_semileptonic_BukinMedian") at 0x7fa90fc50800>}
scaleCurrent PtRecoNowllbbOneMuPartonBukinNewTrue dict_scale_sld_h[scaleCurrent] {'hadronic': <ROOT.TH1F object ("PtReco_hadronic_Bukin") at 0x7fa90fc41b90>, 'semileptonic': <ROOT.TH1F object ("PtReco_semileptonic_Bukin") at 0x7fa90fc50060>}
scaleCurrent PtRecoTrunkllbbOneMuTruthWZGaussMedianNew dict_scale_sld_h[scaleCurrent] {'hadronic': <ROOT.TH1F object ("PtReco_hadronic_GaussMedian") at 0x7fa90fc07960>, 'muon': <ROOT.TH1F object ("PtReco_muon_GaussMedian") at 0x7fa90fc2b3d0>, 'electron': <ROOT.TH1F object ("PtReco_electron_GaussMedian") at 0x7fa90fc07d30>}
scaleCurrent PtRecoMoriondllbbAllMuTruthWZGaussOld dict_scale_sld_h[scaleCurrent] {'all': <ROOT.TH1F object ("PtReco_all_Gauss") at 0x7fa90fc391b0>}
scaleCurrent PtRecoMoriondllbbOneMuTruthWZGaussOld dict_scale_sld_h[scaleCurrent] {'all': <ROOT.TH1F object ("PtReco_all_Gauss") at 0x7fa90fc294a0>}
scaleCurrent PtRecoMoriondllbbOneMuTruthWZBukinNew dict_scale_sld_h[scaleCurrent] {'mu': <ROOT.TH1F object ("PtReco_mu_Bukin") at 0x7fa90fc2a100>, 'nosld': <ROOT.TH1F object ("PtReco_nosld_Bukin") at 0x7fa90fc32fa0>, 'el': <ROOT.TH1F object ("PtReco_el_Bukin") at 0x7fa90fc05780>}
scaleCurrent PtRecoNowllbbOneMuPartonGaussMedianNewFalse dict_scale_sld_h[scaleCurrent] {'hadronic': <ROOT.TH1F object ("PtReco_hadronic_GaussMedian") at 0x7fa90fc417c0>, 'semileptonic': <ROOT.TH1F object ("PtReco_semileptonic_GaussMedian") at 0x7fa90fc311c0>}
scaleCurrent PtRecoTrunkllbbOneMuTruthWZGaussNew dict_scale_sld_h[scaleCurrent] {'hadronic': <ROOT.TH1F object ("PtReco_hadronic_Gauss") at 0x7fa90fc07410>, 'muon': <ROOT.TH1F object ("PtReco_muon_Gauss") at 0x7fa90fc4f5d0>, 'electron': <ROOT.TH1F object ("PtReco_electron_Gauss") at 0x7fa90fc47980>}
scaleCurrent PtRecoMoriondllbbAllMuTruthWZBukinOld dict_scale_sld_h[scaleCurrent] {'all': <ROOT.TH1F object ("PtReco_all_Bukin") at 0x7fa90fc2ae40>}
scaleCurrent PtRecoNowllbbOneMuTruthWZNoneNewTrue dict_scale_sld_h[scaleCurrent] {'hadronic': <ROOT.TH1F object ("PtReco_hadronic_None") at 0x7fa90fc519c0>, 'semileptonic': <ROOT.TH1F object ("PtReco_semileptonic_None") at 0x7fa90fc51fc0>}
scaleCurrent PtRecoTrunkllbbOneMuPartonBukinMedianNew dict_scale_sld_h[scaleCurrent] {'hadronic': <ROOT.TH1F object ("PtReco_hadronic_BukinMedian") at 0x7fa90fc06130>, 'muon': <ROOT.TH1F object ("PtReco_muon_BukinMedian") at 0x7fa90fc47e00>, 'electron': <ROOT.TH1F object ("PtReco_electron_BukinMedian") at 0x7fa90fc46ce0>}
scaleCurrent PtRecoNowllbbOneMuTruthWZGaussNewFalse dict_scale_sld_h[scaleCurrent] {'hadronic': <ROOT.TH1F object ("PtReco_hadronic_Gauss") at 0x7fa90fc55960>, 'semileptonic': <ROOT.TH1F object ("PtReco_semileptonic_Gauss") at 0x7fa90fc55d30>}
scaleCurrent PtRecoMoriondllbbAllMuPartonBukinNew dict_scale_sld_h[scaleCurrent] {'mu': <ROOT.TH1F object ("PtReco_mu_Bukin") at 0x7fa90fc37170>, 'nosld': <ROOT.TH1F object ("PtReco_nosld_Bukin") at 0x7fa90fc36d00>, 'el': <ROOT.TH1F object ("PtReco_el_Bukin") at 0x7fa90fc37680>}
scaleCurrent PtRecoMoriondllbbAllMuTruthWZNoneOld dict_scale_sld_h[scaleCurrent] {'all': <ROOT.TH1F object ("PtReco_all_None") at 0x7fa90fc37c00>}
scaleCurrent PtRecoMoriondllbbOneMuPartonBukinNew dict_scale_sld_h[scaleCurrent] {'mu': <ROOT.TH1F object ("PtReco_mu_Bukin") at 0x7fa90fc2f120>, 'nosld': <ROOT.TH1F object ("PtReco_nosld_Bukin") at 0x7fa90fc2ed30>, 'el': <ROOT.TH1F object ("PtReco_el_Bukin") at 0x7fa90fc2f6e0>}
scaleCurrent PtRecoMoriondllbbOneMuTruthWZNoneNew dict_scale_sld_h[scaleCurrent] {'mu': <ROOT.TH1F object ("PtReco_mu_None") at 0x7fa90fc309e0>, 'nosld': <ROOT.TH1F object ("PtReco_nosld_None") at 0x7fa90fc305e0>, 'el': <ROOT.TH1F object ("PtReco_el_None") at 0x7fa90fc27d10>}
scaleCurrent PtRecoTrunkllbbOneMuPartonGaussNew dict_scale_sld_h[scaleCurrent] {'hadronic': <ROOT.TH1F object ("PtReco_hadronic_Gauss") at 0x7fa90fc4b0f0>, 'muon': <ROOT.TH1F object ("PtReco_muon_Gauss") at 0x7fa90fc45180>, 'electron': <ROOT.TH1F object ("PtReco_electron_Gauss") at 0x7fa90fc4bb30>}
scaleCurrent PtRecoTrunkllbbOneMuPartonBukinOld dict_scale_sld_h[scaleCurrent] {'inclusive': <ROOT.TH1F object ("PtReco_inclusive_Bukin") at 0x7fa90fc46670>}
scaleCurrent PtRecoMoriondllbbAllMuTruthWZGaussNew dict_scale_sld_h[scaleCurrent] {'mu': <ROOT.TH1F object ("PtReco_mu_Gauss") at 0x7fa90fc39df0>, 'nosld': <ROOT.TH1F object ("PtReco_nosld_Gauss") at 0x7fa90fc39870>, 'el': <ROOT.TH1F object ("PtReco_el_Gauss") at 0x7fa90fc3a1c0>}
scaleCurrent PtRecoNowllbbOneMuTruthWZNoneMedianNewFalse dict_scale_sld_h[scaleCurrent] {'hadronic': <ROOT.TH1F object ("PtReco_hadronic_NoneMedian") at 0x7fa90fc53de0>, 'semileptonic': <ROOT.TH1F object ("PtReco_semileptonic_NoneMedian") at 0x7fa90fc54450>}
scaleCurrent PtRecoNowllbbOneMuTruthWZBukinNewTrue dict_scale_sld_h[scaleCurrent] {'hadronic': <ROOT.TH1F object ("PtReco_hadronic_Bukin") at 0x7fa90fc57b60>, 'semileptonic': <ROOT.TH1F object ("PtReco_semileptonic_Bukin") at 0x7fa90fc58040>}
scaleCurrent PtRecoTrunkllbbOneMuPartonGaussMedianNew dict_scale_sld_h[scaleCurrent] {'hadronic': <ROOT.TH1F object ("PtReco_hadronic_GaussMedian") at 0x7fa90fc4c190>, 'muon': <ROOT.TH1F object ("PtReco_muon_GaussMedian") at 0x7fa90fc45bb0>, 'electron': <ROOT.TH1F object ("PtReco_electron_GaussMedian") at 0x7fa90fc4cc00>}
scaleCurrent PtRecoNowllbbOneMuTruthWZNoneNewFalse dict_scale_sld_h[scaleCurrent] {'hadronic': <ROOT.TH1F object ("PtReco_hadronic_None") at 0x7fa90fc527a0>, 'semileptonic': <ROOT.TH1F object ("PtReco_semileptonic_None") at 0x7fa90fc52b70>}
scaleCurrent PtRecoTrunkllbbOneMuTruthWZBukinMedianOld dict_scale_sld_h[scaleCurrent] {'inclusive': <ROOT.TH1F object ("PtReco_inclusive_BukinMedian") at 0x7fa90fc3d4e0>}
scaleCurrent PtRecoNowllbbOneMuTruthWZBukinMedianNewFalse dict_scale_sld_h[scaleCurrent] {'hadronic': <ROOT.TH1F object ("PtReco_hadronic_BukinMedian") at 0x7fa90fc59ea0>, 'semileptonic': <ROOT.TH1F object ("PtReco_semileptonic_BukinMedian") at 0x7fa90fc5a420>}
scaleCurrent PtRecoMoriondllbbAllMuPartonNoneNew dict_scale_sld_h[scaleCurrent] {'mu': <ROOT.TH1F object ("PtReco_mu_None") at 0x7fa90fc34950>, 'nosld': <ROOT.TH1F object ("PtReco_nosld_None") at 0x7fa90fc319e0>, 'el': <ROOT.TH1F object ("PtReco_el_None") at 0x7fa90fc32a80>}
scaleCurrent PtRecoMoriondllbbAllMuTruthWZNoneNew dict_scale_sld_h[scaleCurrent] {'mu': <ROOT.TH1F object ("PtReco_mu_None") at 0x7fa90fc386e0>, 'nosld': <ROOT.TH1F object ("PtReco_nosld_None") at 0x7fa90fc38270>, 'el': <ROOT.TH1F object ("PtReco_el_None") at 0x7fa90fc38c30>}
scaleCurrent PtRecoTrunkllbbOneMuTruthWZBukinNew dict_scale_sld_h[scaleCurrent] {'hadronic': <ROOT.TH1F object ("PtReco_hadronic_Bukin") at 0x7fa90fc3c4b0>, 'muon': <ROOT.TH1F object ("PtReco_muon_Bukin") at 0x7fa90fc3ca30>, 'electron': <ROOT.TH1F object ("PtReco_electron_Bukin") at 0x7fa90fc3cf50>}
scaleCurrent PtRecoMoriondllbbOneMuPartonBukinOld dict_scale_sld_h[scaleCurrent] {'all': <ROOT.TH1F object ("PtReco_all_Bukin") at 0x7fa90fc2e750>}
scaleCurrent PtRecoTrunkllbbOneMuTruthWZNoneNew dict_scale_sld_h[scaleCurrent] {'hadronic': <ROOT.TH1F object ("PtReco_hadronic_None") at 0x7fa90fc06630>, 'muon': <ROOT.TH1F object ("PtReco_muon_None") at 0x7fa90fc4e8f0>, 'electron': <ROOT.TH1F object ("PtReco_electron_None") at 0x7fa90fc06b50>}
scaleCurrent PtRecoMoriondllbbAllMuPartonGaussNew dict_scale_sld_h[scaleCurrent] {'mu': <ROOT.TH1F object ("PtReco_mu_Gauss") at 0x7fa90fc35b90>, 'nosld': <ROOT.TH1F object ("PtReco_nosld_Gauss") at 0x7fa90fc35720>, 'el': <ROOT.TH1F object ("PtReco_el_Gauss") at 0x7fa90fc360a0>}
scaleCurrent PtRecoTrunkllbbOneMuTruthWZGaussMedianOld dict_scale_sld_h[scaleCurrent] {'inclusive': <ROOT.TH1F object ("PtReco_inclusive_GaussMedian") at 0x7fa90fc4d0b0>}
scaleCurrent PtRecoMoriondllbbOneMuPartonGaussOld dict_scale_sld_h[scaleCurrent] {'all': <ROOT.TH1F object ("PtReco_all_Gauss") at 0x7fa90fc2ccf0>}
scaleCurrent PtRecoNowllbbOneMuPartonBukinNewFalse dict_scale_sld_h[scaleCurrent] {'hadronic': <ROOT.TH1F object ("PtReco_hadronic_Bukin") at 0x7fa90fc42330>, 'semileptonic': <ROOT.TH1F object ("PtReco_semileptonic_Bukin") at 0x7fa90fc50430>}
scaleCurrent PtRecoMoriondllbbOneMuTruthWZGaussNew dict_scale_sld_h[scaleCurrent] {'mu': <ROOT.TH1F object ("PtReco_mu_Gauss") at 0x7fa90fc298c0>, 'nosld': <ROOT.TH1F object ("PtReco_nosld_Gauss") at 0x7fa90fc04e20>, 'el': <ROOT.TH1F object ("PtReco_el_Gauss") at 0x7fa90fc053b0>}
scaleCurrent PtRecoMoriondllbbOneMuPartonGaussNew dict_scale_sld_h[scaleCurrent] {'mu': <ROOT.TH1F object ("PtReco_mu_Gauss") at 0x7fa90fc287a0>, 'nosld': <ROOT.TH1F object ("PtReco_nosld_Gauss") at 0x7fa90fc276d0>, 'el': <ROOT.TH1F object ("PtReco_el_Gauss") at 0x7fa90fc2d260>}
scaleCurrent PtRecoTrunkllbbOneMuTruthWZBukinOld dict_scale_sld_h[scaleCurrent] {'inclusive': <ROOT.TH1F object ("PtReco_inclusive_Bukin") at 0x7fa90fc3bf40>}
scaleCurrent PtRecoNowllbbOneMuTruthWZGaussMedianNewTrue dict_scale_sld_h[scaleCurrent] {'hadronic': <ROOT.TH1F object ("PtReco_hadronic_GaussMedian") at 0x7fa90fc564e0>, 'semileptonic': <ROOT.TH1F object ("PtReco_semileptonic_GaussMedian") at 0x7fa90fc56a60>}
scaleCurrent PtRecoNowllbbOneMuPartonNoneNewTrue dict_scale_sld_h[scaleCurrent] {'hadronic': <ROOT.TH1F object ("PtReco_hadronic_None") at 0x7fa90fc3edc0>, 'semileptonic': <ROOT.TH1F object ("PtReco_semileptonic_None") at 0x7fa90fc3f190>}
scaleCurrent PtRecoTrunkllbbOneMuPartonGaussOld dict_scale_sld_h[scaleCurrent] {'inclusive': <ROOT.TH1F object ("PtReco_inclusive_Gauss") at 0x7fa90fc4a5d0>}
scaleCurrent PtRecoNowllbbOneMuPartonNoneNewFalse dict_scale_sld_h[scaleCurrent] {'hadronic': <ROOT.TH1F object ("PtReco_hadronic_None") at 0x7fa90fc3f930>, 'semileptonic': <ROOT.TH1F object ("PtReco_semileptonic_None") at 0x7fa90fc3f560>}
scaleCurrent PtRecoNowllbbOneMuTruthWZBukinMedianNewTrue dict_scale_sld_h[scaleCurrent] {'hadronic': <ROOT.TH1F object ("PtReco_hadronic_BukinMedian") at 0x7fa90fc59390>, 'semileptonic': <ROOT.TH1F object ("PtReco_semileptonic_BukinMedian") at 0x7fa90fc59910>}
scaleCurrent PtRecoNowllbbOneMuPartonGaussMedianNewTrue dict_scale_sld_h[scaleCurrent] {'hadronic': <ROOT.TH1F object ("PtReco_hadronic_GaussMedian") at 0x7fa90fc33560>, 'semileptonic': <ROOT.TH1F object ("PtReco_semileptonic_GaussMedian") at 0x7fa90fc3aca0>}
scaleCurrent PtRecoMoriondllbbOneMuPartonNoneNew dict_scale_sld_h[scaleCurrent] {'mu': <ROOT.TH1F object ("PtReco_mu_None") at 0x7fa90fc2c190>, 'nosld': <ROOT.TH1F object ("PtReco_nosld_None") at 0x7fa90fc28d60>, 'el': <ROOT.TH1F object ("PtReco_el_None") at 0x7fa90fc2c770>}
scaleCurrent PtRecoNowllbbOneMuTruthWZGaussMedianNewFalse dict_scale_sld_h[scaleCurrent] {'hadronic': <ROOT.TH1F object ("PtReco_hadronic_GaussMedian") at 0x7fa90fc56ff0>, 'semileptonic': <ROOT.TH1F object ("PtReco_semileptonic_GaussMedian") at 0x7fa90fc573c0>}
scaleCurrent PtRecoMoriondllbbAllMuPartonGaussOld dict_scale_sld_h[scaleCurrent] {'all': <ROOT.TH1F object ("PtReco_all_Gauss") at 0x7fa90fc281c0>}
scaleCurrent PtRecoNowllbbOneMuTruthWZBukinNewFalse dict_scale_sld_h[scaleCurrent] {'hadronic': <ROOT.TH1F object ("PtReco_hadronic_Bukin") at 0x7fa90fc58670>, 'semileptonic': <ROOT.TH1F object ("PtReco_semileptonic_Bukin") at 0x7fa90fc58be0>}
scaleCurrent PtRecoNowllbbOneMuPartonGaussNewTrue dict_scale_sld_h[scaleCurrent] {'hadronic': <ROOT.TH1F object ("PtReco_hadronic_Gauss") at 0x7fa90fc41020>, 'semileptonic': <ROOT.TH1F object ("PtReco_semileptonic_Gauss") at 0x7fa90fc3fd00>}
scaleCurrent PtRecoTrunkllbbOneMuTruthWZNoneOld dict_scale_sld_h[scaleCurrent] {'inclusive': <ROOT.TH1F object ("PtReco_inclusive_None") at 0x7fa90fc48890>}
scaleCurrent PtRecoMoriondllbbAllMuPartonBukinOld dict_scale_sld_h[scaleCurrent] {'all': <ROOT.TH1F object ("PtReco_all_Bukin") at 0x7fa90fc36620>}
scaleCurrent PtRecoMoriondllbbOneMuTruthWZBukinOld dict_scale_sld_h[scaleCurrent] {'all': <ROOT.TH1F object ("PtReco_all_Bukin") at 0x7fa90fc29c90>}
scaleCurrent PtRecoTrunkllbbOneMuPartonNoneOld dict_scale_sld_h[scaleCurrent] {'inclusive': <ROOT.TH1F object ("PtReco_inclusive_None") at 0x7fa90fc48f40>}
scaleCurrent 161007_2ggA800ToZH500OneMuTruthWZNoneNewTrue
fileName ~/data/histos_PtReco//161007_2/PtReco_histos_ggA800ToZH500_OneMu_TruthWZ_True.root
histoPath 
histoName PtReco_hadronic_None
name 
fileName ~/data/histos_PtReco//161007_2/PtReco_histos_ggA800ToZH500_OneMu_TruthWZ_True.root
histoPath 
histoName PtReco_semileptonic_None
name 
scaleCurrent 161007_2ggA800ToZH500OneMuTruthWZNoneMedianNewTrue
fileName ~/data/histos_PtReco//161007_2/PtReco_histos_ggA800ToZH500_OneMu_TruthWZ_True.root
histoPath 
histoName PtReco_hadronic_NoneMedian
name 
fileName ~/data/histos_PtReco//161007_2/PtReco_histos_ggA800ToZH500_OneMu_TruthWZ_True.root
histoPath 
histoName PtReco_semileptonic_NoneMedian
name 
scaleCurrent 161007_2ggA800ToZH500OneMuTruthWZGaussNewTrue
fileName ~/data/histos_PtReco//161007_2/PtReco_histos_ggA800ToZH500_OneMu_TruthWZ_True.root
histoPath 
histoName PtReco_hadronic_Gauss
name 
fileName ~/data/histos_PtReco//161007_2/PtReco_histos_ggA800ToZH500_OneMu_TruthWZ_True.root
histoPath 
histoName PtReco_semileptonic_Gauss
name 
scaleCurrent 161007_2ggA800ToZH500OneMuTruthWZGaussMedianNewTrue
fileName ~/data/histos_PtReco//161007_2/PtReco_histos_ggA800ToZH500_OneMu_TruthWZ_True.root
histoPath 
histoName PtReco_hadronic_GaussMedian
name 
fileName ~/data/histos_PtReco//161007_2/PtReco_histos_ggA800ToZH500_OneMu_TruthWZ_True.root
histoPath 
histoName PtReco_semileptonic_GaussMedian
name 
scaleCurrent 161007_2ggA800ToZH500OneMuTruthWZBukinNewTrue
fileName ~/data/histos_PtReco//161007_2/PtReco_histos_ggA800ToZH500_OneMu_TruthWZ_True.root
histoPath 
histoName PtReco_hadronic_Bukin
name 
fileName ~/data/histos_PtReco//161007_2/PtReco_histos_ggA800ToZH500_OneMu_TruthWZ_True.root
histoPath 
histoName PtReco_semileptonic_Bukin
name 
scaleCurrent 161007_2ggA800ToZH500OneMuTruthWZBukinMedianNewTrue
fileName ~/data/histos_PtReco//161007_2/PtReco_histos_ggA800ToZH500_OneMu_TruthWZ_True.root
histoPath 
histoName PtReco_hadronic_BukinMedian
name 
fileName ~/data/histos_PtReco//161007_2/PtReco_histos_ggA800ToZH500_OneMu_TruthWZ_True.root
histoPath 
histoName PtReco_semileptonic_BukinMedian
name 
list_scale ['PtRecoMoriondllbbOneMuPartonNoneOld', 'PtRecoMoriondllbbOneMuPartonNoneNew', 'PtRecoMoriondllbbOneMuPartonGaussOld', 'PtRecoMoriondllbbOneMuPartonGaussNew', 'PtRecoMoriondllbbOneMuPartonBukinOld', 'PtRecoMoriondllbbOneMuPartonBukinNew', 'PtRecoMoriondllbbOneMuTruthWZNoneOld', 'PtRecoMoriondllbbOneMuTruthWZNoneNew', 'PtRecoMoriondllbbOneMuTruthWZGaussOld', 'PtRecoMoriondllbbOneMuTruthWZGaussNew', 'PtRecoMoriondllbbOneMuTruthWZBukinOld', 'PtRecoMoriondllbbOneMuTruthWZBukinNew', 'PtRecoMoriondllbbAllMuPartonNoneOld', 'PtRecoMoriondllbbAllMuPartonNoneNew', 'PtRecoMoriondllbbAllMuPartonGaussOld', 'PtRecoMoriondllbbAllMuPartonGaussNew', 'PtRecoMoriondllbbAllMuPartonBukinOld', 'PtRecoMoriondllbbAllMuPartonBukinNew', 'PtRecoMoriondllbbAllMuTruthWZNoneOld', 'PtRecoMoriondllbbAllMuTruthWZNoneNew', 'PtRecoMoriondllbbAllMuTruthWZGaussOld', 'PtRecoMoriondllbbAllMuTruthWZGaussNew', 'PtRecoMoriondllbbAllMuTruthWZBukinOld', 'PtRecoMoriondllbbAllMuTruthWZBukinNew', 'PtRecoTrunkllbbOneMuPartonNoneOld', 'PtRecoTrunkllbbOneMuPartonNoneNew', 'PtRecoTrunkllbbOneMuPartonGaussOld', 'PtRecoTrunkllbbOneMuPartonGaussNew', 'PtRecoTrunkllbbOneMuPartonGaussMedianOld', 'PtRecoTrunkllbbOneMuPartonGaussMedianNew', 'PtRecoTrunkllbbOneMuPartonBukinOld', 'PtRecoTrunkllbbOneMuPartonBukinNew', 'PtRecoTrunkllbbOneMuPartonBukinMedianOld', 'PtRecoTrunkllbbOneMuPartonBukinMedianNew', 'PtRecoTrunkllbbOneMuTruthWZNoneOld', 'PtRecoTrunkllbbOneMuTruthWZNoneNew', 'PtRecoTrunkllbbOneMuTruthWZGaussOld', 'PtRecoTrunkllbbOneMuTruthWZGaussNew', 'PtRecoTrunkllbbOneMuTruthWZGaussMedianOld', 'PtRecoTrunkllbbOneMuTruthWZGaussMedianNew', 'PtRecoTrunkllbbOneMuTruthWZBukinOld', 'PtRecoTrunkllbbOneMuTruthWZBukinNew', 'PtRecoTrunkllbbOneMuTruthWZBukinMedianOld', 'PtRecoTrunkllbbOneMuTruthWZBukinMedianNew', 'PtRecoNowllbbOneMuPartonNoneNewTrue', 'PtRecoNowllbbOneMuPartonNoneNewFalse', 'PtRecoNowllbbOneMuPartonNoneMedianNewTrue', 'PtRecoNowllbbOneMuPartonNoneMedianNewFalse', 'PtRecoNowllbbOneMuPartonGaussNewTrue', 'PtRecoNowllbbOneMuPartonGaussNewFalse', 'PtRecoNowllbbOneMuPartonGaussMedianNewTrue', 'PtRecoNowllbbOneMuPartonGaussMedianNewFalse', 'PtRecoNowllbbOneMuPartonBukinNewTrue', 'PtRecoNowllbbOneMuPartonBukinNewFalse', 'PtRecoNowllbbOneMuPartonBukinMedianNewTrue', 'PtRecoNowllbbOneMuPartonBukinMedianNewFalse', 'PtRecoNowllbbOneMuTruthWZNoneNewTrue', 'PtRecoNowllbbOneMuTruthWZNoneNewFalse', 'PtRecoNowllbbOneMuTruthWZNoneMedianNewTrue', 'PtRecoNowllbbOneMuTruthWZNoneMedianNewFalse', 'PtRecoNowllbbOneMuTruthWZGaussNewTrue', 'PtRecoNowllbbOneMuTruthWZGaussNewFalse', 'PtRecoNowllbbOneMuTruthWZGaussMedianNewTrue', 'PtRecoNowllbbOneMuTruthWZGaussMedianNewFalse', 'PtRecoNowllbbOneMuTruthWZBukinNewTrue', 'PtRecoNowllbbOneMuTruthWZBukinNewFalse', 'PtRecoNowllbbOneMuTruthWZBukinMedianNewTrue', 'PtRecoNowllbbOneMuTruthWZBukinMedianNewFalse', '161007_2ggA800ToZH500OneMuTruthWZNoneNewTrue', '161007_2ggA800ToZH500OneMuTruthWZNoneMedianNewTrue', '161007_2ggA800ToZH500OneMuTruthWZGaussNewTrue', '161007_2ggA800ToZH500OneMuTruthWZGaussMedianNewTrue', '161007_2ggA800ToZH500OneMuTruthWZBukinNewTrue', '161007_2ggA800ToZH500OneMuTruthWZBukinMedianNewTrue']
scaleCurrent PtRecoTrunkllbbOneMuPartonBukinMedianOld dict_scale_sld_h[scaleCurrent] {'inclusive': <ROOT.TH1F object ("PtReco_inclusive_BukinMedian") at 0x7fa90fc47560>}
scaleCurrent PtRecoNowllbbOneMuPartonNoneMedianNewFalse dict_scale_sld_h[scaleCurrent] {'hadronic': <ROOT.TH1F object ("PtReco_hadronic_NoneMedian") at 0x7fa90fc40880>, 'semileptonic': <ROOT.TH1F object ("PtReco_semileptonic_NoneMedian") at 0x7fa90fc40c50>}
scaleCurrent PtRecoNowllbbOneMuTruthWZNoneMedianNewTrue dict_scale_sld_h[scaleCurrent] {'hadronic': <ROOT.TH1F object ("PtReco_hadronic_NoneMedian") at 0x7fa90fc53320>, 'semileptonic': <ROOT.TH1F object ("PtReco_semileptonic_NoneMedian") at 0x7fa90fc53880>}
scaleCurrent PtRecoTrunkllbbOneMuPartonGaussMedianOld dict_scale_sld_h[scaleCurrent] {'inclusive': <ROOT.TH1F object ("PtReco_inclusive_GaussMedian") at 0x7fa90fc2db90>}
scaleCurrent PtRecoNowllbbOneMuTruthWZGaussNewTrue dict_scale_sld_h[scaleCurrent] {'hadronic': <ROOT.TH1F object ("PtReco_hadronic_Gauss") at 0x7fa90fc54bf0>, 'semileptonic': <ROOT.TH1F object ("PtReco_semileptonic_Gauss") at 0x7fa90fc551c0>}
scaleCurrent PtRecoTrunkllbbOneMuPartonBukinNew dict_scale_sld_h[scaleCurrent] {'hadronic': <ROOT.TH1F object ("PtReco_hadronic_Bukin") at 0x7fa90fc4d6b0>, 'muon': <ROOT.TH1F object ("PtReco_muon_Bukin") at 0x7fa90fc470c0>, 'electron': <ROOT.TH1F object ("PtReco_electron_Bukin") at 0x7fa90fc4e0f0>}
scaleCurrent PtRecoMoriondllbbAllMuPartonNoneOld dict_scale_sld_h[scaleCurrent] {'all': <ROOT.TH1F object ("PtReco_all_None") at 0x7fa90fc2a4d0>}
scaleCurrent PtRecoNowllbbOneMuPartonNoneMedianNewTrue dict_scale_sld_h[scaleCurrent] {'hadronic': <ROOT.TH1F object ("PtReco_hadronic_NoneMedian") at 0x7fa90fc400e0>, 'semileptonic': <ROOT.TH1F object ("PtReco_semileptonic_NoneMedian") at 0x7fa90fc404b0>}
scaleCurrent PtRecoTrunkllbbOneMuTruthWZBukinMedianNew dict_scale_sld_h[scaleCurrent] {'hadronic': <ROOT.TH1F object ("PtReco_hadronic_BukinMedian") at 0x7fa90fc3db40>, 'muon': <ROOT.TH1F object ("PtReco_muon_BukinMedian") at 0x7fa90fc3e0e0>, 'electron': <ROOT.TH1F object ("PtReco_electron_BukinMedian") at 0x7fa90fc3e620>}
scaleCurrent PtRecoNowllbbOneMuPartonBukinMedianNewFalse dict_scale_sld_h[scaleCurrent] {'hadronic': <ROOT.TH1F object ("PtReco_hadronic_BukinMedian") at 0x7fa90fc43070>, 'semileptonic': <ROOT.TH1F object ("PtReco_semileptonic_BukinMedian") at 0x7fa90fc43440>}
scaleCurrent 161007_2ggA800ToZH500OneMuTruthWZNoneMedianNewTrue dict_scale_sld_h[scaleCurrent] {'hadronic': <ROOT.TH1F object ("PtReco_hadronic_NoneMedian") at 0x7fa90fc5b8d0>, 'semileptonic': <ROOT.TH1F object ("PtReco_semileptonic_NoneMedian") at 0x7fa90fc5c180>}
scaleCurrent PtRecoTrunkllbbOneMuPartonNoneNew dict_scale_sld_h[scaleCurrent] {'hadronic': <ROOT.TH1F object ("PtReco_hadronic_None") at 0x7fa90fc49600>, 'muon': <ROOT.TH1F object ("PtReco_muon_None") at 0x7fa90fc49aa0>, 'electron': <ROOT.TH1F object ("PtReco_electron_None") at 0x7fa90fc4a030>}
scaleCurrent PtRecoMoriondllbbOneMuTruthWZNoneOld dict_scale_sld_h[scaleCurrent] {'all': <ROOT.TH1F object ("PtReco_all_None") at 0x7fa90fc2ff90>}
scaleCurrent PtRecoMoriondllbbAllMuTruthWZBukinNew dict_scale_sld_h[scaleCurrent] {'mu': <ROOT.TH1F object ("PtReco_mu_Bukin") at 0x7fa90fc3b1b0>, 'nosld': <ROOT.TH1F object ("PtReco_nosld_Bukin") at 0x7fa90fc3a7a0>, 'el': <ROOT.TH1F object ("PtReco_el_Bukin") at 0x7fa90fc3ba70>}
scaleCurrent PtRecoTrunkllbbOneMuTruthWZGaussOld dict_scale_sld_h[scaleCurrent] {'inclusive': <ROOT.TH1F object ("PtReco_inclusive_Gauss") at 0x7fa90fc4f0a0>}
scaleCurrent 161007_2ggA800ToZH500OneMuTruthWZGaussNewTrue dict_scale_sld_h[scaleCurrent] {'hadronic': <ROOT.TH1F object ("PtReco_hadronic_Gauss") at 0x7fa90fc5c7e0>, 'semileptonic': <ROOT.TH1F object ("PtReco_semileptonic_Gauss") at 0x7fa90fc5d220>}
scaleCurrent PtRecoNowllbbOneMuPartonGaussNewFalse dict_scale_sld_h[scaleCurrent] {'hadronic': <ROOT.TH1F object ("PtReco_hadronic_Gauss") at 0x7fa90fc413f0>, 'semileptonic': <ROOT.TH1F object ("PtReco_semileptonic_Gauss") at 0x7fa90fc30df0>}
scaleCurrent PtRecoMoriondllbbOneMuPartonNoneOld dict_scale_sld_h[scaleCurrent] {'all': <ROOT.TH1F object ("PtReco_all_None") at 0x7fa90fb60630>}
scaleCurrent PtRecoNowllbbOneMuPartonBukinMedianNewTrue dict_scale_sld_h[scaleCurrent] {'hadronic': <ROOT.TH1F object ("PtReco_hadronic_BukinMedian") at 0x7fa90fc42ae0>, 'semileptonic': <ROOT.TH1F object ("PtReco_semileptonic_BukinMedian") at 0x7fa90fc50800>}
scaleCurrent PtRecoNowllbbOneMuPartonBukinNewTrue dict_scale_sld_h[scaleCurrent] {'hadronic': <ROOT.TH1F object ("PtReco_hadronic_Bukin") at 0x7fa90fc41b90>, 'semileptonic': <ROOT.TH1F object ("PtReco_semileptonic_Bukin") at 0x7fa90fc50060>}
scaleCurrent PtRecoTrunkllbbOneMuTruthWZGaussMedianNew dict_scale_sld_h[scaleCurrent] {'hadronic': <ROOT.TH1F object ("PtReco_hadronic_GaussMedian") at 0x7fa90fc07960>, 'muon': <ROOT.TH1F object ("PtReco_muon_GaussMedian") at 0x7fa90fc2b3d0>, 'electron': <ROOT.TH1F object ("PtReco_electron_GaussMedian") at 0x7fa90fc07d30>}
scaleCurrent PtRecoMoriondllbbAllMuTruthWZGaussOld dict_scale_sld_h[scaleCurrent] {'all': <ROOT.TH1F object ("PtReco_all_Gauss") at 0x7fa90fc391b0>}
scaleCurrent PtRecoMoriondllbbOneMuTruthWZGaussOld dict_scale_sld_h[scaleCurrent] {'all': <ROOT.TH1F object ("PtReco_all_Gauss") at 0x7fa90fc294a0>}
scaleCurrent PtRecoMoriondllbbOneMuTruthWZBukinNew dict_scale_sld_h[scaleCurrent] {'mu': <ROOT.TH1F object ("PtReco_mu_Bukin") at 0x7fa90fc2a100>, 'nosld': <ROOT.TH1F object ("PtReco_nosld_Bukin") at 0x7fa90fc32fa0>, 'el': <ROOT.TH1F object ("PtReco_el_Bukin") at 0x7fa90fc05780>}
scaleCurrent PtRecoNowllbbOneMuPartonGaussMedianNewFalse dict_scale_sld_h[scaleCurrent] {'hadronic': <ROOT.TH1F object ("PtReco_hadronic_GaussMedian") at 0x7fa90fc417c0>, 'semileptonic': <ROOT.TH1F object ("PtReco_semileptonic_GaussMedian") at 0x7fa90fc311c0>}
scaleCurrent PtRecoTrunkllbbOneMuTruthWZGaussNew dict_scale_sld_h[scaleCurrent] {'hadronic': <ROOT.TH1F object ("PtReco_hadronic_Gauss") at 0x7fa90fc07410>, 'muon': <ROOT.TH1F object ("PtReco_muon_Gauss") at 0x7fa90fc4f5d0>, 'electron': <ROOT.TH1F object ("PtReco_electron_Gauss") at 0x7fa90fc47980>}
scaleCurrent PtRecoMoriondllbbAllMuTruthWZBukinOld dict_scale_sld_h[scaleCurrent] {'all': <ROOT.TH1F object ("PtReco_all_Bukin") at 0x7fa90fc2ae40>}
scaleCurrent PtRecoNowllbbOneMuTruthWZNoneNewTrue dict_scale_sld_h[scaleCurrent] {'hadronic': <ROOT.TH1F object ("PtReco_hadronic_None") at 0x7fa90fc519c0>, 'semileptonic': <ROOT.TH1F object ("PtReco_semileptonic_None") at 0x7fa90fc51fc0>}
scaleCurrent PtRecoTrunkllbbOneMuPartonBukinMedianNew dict_scale_sld_h[scaleCurrent] {'hadronic': <ROOT.TH1F object ("PtReco_hadronic_BukinMedian") at 0x7fa90fc06130>, 'muon': <ROOT.TH1F object ("PtReco_muon_BukinMedian") at 0x7fa90fc47e00>, 'electron': <ROOT.TH1F object ("PtReco_electron_BukinMedian") at 0x7fa90fc46ce0>}
scaleCurrent PtRecoNowllbbOneMuTruthWZGaussNewFalse dict_scale_sld_h[scaleCurrent] {'hadronic': <ROOT.TH1F object ("PtReco_hadronic_Gauss") at 0x7fa90fc55960>, 'semileptonic': <ROOT.TH1F object ("PtReco_semileptonic_Gauss") at 0x7fa90fc55d30>}
scaleCurrent PtRecoMoriondllbbAllMuPartonBukinNew dict_scale_sld_h[scaleCurrent] {'mu': <ROOT.TH1F object ("PtReco_mu_Bukin") at 0x7fa90fc37170>, 'nosld': <ROOT.TH1F object ("PtReco_nosld_Bukin") at 0x7fa90fc36d00>, 'el': <ROOT.TH1F object ("PtReco_el_Bukin") at 0x7fa90fc37680>}
scaleCurrent PtRecoMoriondllbbAllMuTruthWZNoneOld dict_scale_sld_h[scaleCurrent] {'all': <ROOT.TH1F object ("PtReco_all_None") at 0x7fa90fc37c00>}
scaleCurrent PtRecoMoriondllbbOneMuPartonBukinNew dict_scale_sld_h[scaleCurrent] {'mu': <ROOT.TH1F object ("PtReco_mu_Bukin") at 0x7fa90fc2f120>, 'nosld': <ROOT.TH1F object ("PtReco_nosld_Bukin") at 0x7fa90fc2ed30>, 'el': <ROOT.TH1F object ("PtReco_el_Bukin") at 0x7fa90fc2f6e0>}
scaleCurrent PtRecoMoriondllbbOneMuTruthWZNoneNew dict_scale_sld_h[scaleCurrent] {'mu': <ROOT.TH1F object ("PtReco_mu_None") at 0x7fa90fc309e0>, 'nosld': <ROOT.TH1F object ("PtReco_nosld_None") at 0x7fa90fc305e0>, 'el': <ROOT.TH1F object ("PtReco_el_None") at 0x7fa90fc27d10>}
scaleCurrent PtRecoTrunkllbbOneMuPartonGaussNew dict_scale_sld_h[scaleCurrent] {'hadronic': <ROOT.TH1F object ("PtReco_hadronic_Gauss") at 0x7fa90fc4b0f0>, 'muon': <ROOT.TH1F object ("PtReco_muon_Gauss") at 0x7fa90fc45180>, 'electron': <ROOT.TH1F object ("PtReco_electron_Gauss") at 0x7fa90fc4bb30>}
scaleCurrent 161007_2ggA800ToZH500OneMuTruthWZBukinNewTrue dict_scale_sld_h[scaleCurrent] {'hadronic': <ROOT.TH1F object ("PtReco_hadronic_Bukin") at 0x7fa90fc5e270>, 'semileptonic': <ROOT.TH1F object ("PtReco_semileptonic_Bukin") at 0x7fa90fc5eba0>}
scaleCurrent PtRecoTrunkllbbOneMuPartonBukinOld dict_scale_sld_h[scaleCurrent] {'inclusive': <ROOT.TH1F object ("PtReco_inclusive_Bukin") at 0x7fa90fc46670>}
scaleCurrent PtRecoMoriondllbbAllMuTruthWZGaussNew dict_scale_sld_h[scaleCurrent] {'mu': <ROOT.TH1F object ("PtReco_mu_Gauss") at 0x7fa90fc39df0>, 'nosld': <ROOT.TH1F object ("PtReco_nosld_Gauss") at 0x7fa90fc39870>, 'el': <ROOT.TH1F object ("PtReco_el_Gauss") at 0x7fa90fc3a1c0>}
scaleCurrent PtRecoNowllbbOneMuTruthWZNoneMedianNewFalse dict_scale_sld_h[scaleCurrent] {'hadronic': <ROOT.TH1F object ("PtReco_hadronic_NoneMedian") at 0x7fa90fc53de0>, 'semileptonic': <ROOT.TH1F object ("PtReco_semileptonic_NoneMedian") at 0x7fa90fc54450>}
scaleCurrent PtRecoNowllbbOneMuTruthWZBukinNewTrue dict_scale_sld_h[scaleCurrent] {'hadronic': <ROOT.TH1F object ("PtReco_hadronic_Bukin") at 0x7fa90fc57b60>, 'semileptonic': <ROOT.TH1F object ("PtReco_semileptonic_Bukin") at 0x7fa90fc58040>}
scaleCurrent PtRecoTrunkllbbOneMuPartonGaussMedianNew dict_scale_sld_h[scaleCurrent] {'hadronic': <ROOT.TH1F object ("PtReco_hadronic_GaussMedian") at 0x7fa90fc4c190>, 'muon': <ROOT.TH1F object ("PtReco_muon_GaussMedian") at 0x7fa90fc45bb0>, 'electron': <ROOT.TH1F object ("PtReco_electron_GaussMedian") at 0x7fa90fc4cc00>}
scaleCurrent PtRecoNowllbbOneMuTruthWZNoneNewFalse dict_scale_sld_h[scaleCurrent] {'hadronic': <ROOT.TH1F object ("PtReco_hadronic_None") at 0x7fa90fc527a0>, 'semileptonic': <ROOT.TH1F object ("PtReco_semileptonic_None") at 0x7fa90fc52b70>}
scaleCurrent PtRecoTrunkllbbOneMuTruthWZBukinMedianOld dict_scale_sld_h[scaleCurrent] {'inclusive': <ROOT.TH1F object ("PtReco_inclusive_BukinMedian") at 0x7fa90fc3d4e0>}
scaleCurrent PtRecoNowllbbOneMuTruthWZBukinMedianNewFalse dict_scale_sld_h[scaleCurrent] {'hadronic': <ROOT.TH1F object ("PtReco_hadronic_BukinMedian") at 0x7fa90fc59ea0>, 'semileptonic': <ROOT.TH1F object ("PtReco_semileptonic_BukinMedian") at 0x7fa90fc5a420>}
scaleCurrent PtRecoMoriondllbbAllMuPartonNoneNew dict_scale_sld_h[scaleCurrent] {'mu': <ROOT.TH1F object ("PtReco_mu_None") at 0x7fa90fc34950>, 'nosld': <ROOT.TH1F object ("PtReco_nosld_None") at 0x7fa90fc319e0>, 'el': <ROOT.TH1F object ("PtReco_el_None") at 0x7fa90fc32a80>}
scaleCurrent PtRecoMoriondllbbAllMuTruthWZNoneNew dict_scale_sld_h[scaleCurrent] {'mu': <ROOT.TH1F object ("PtReco_mu_None") at 0x7fa90fc386e0>, 'nosld': <ROOT.TH1F object ("PtReco_nosld_None") at 0x7fa90fc38270>, 'el': <ROOT.TH1F object ("PtReco_el_None") at 0x7fa90fc38c30>}
scaleCurrent 161007_2ggA800ToZH500OneMuTruthWZBukinMedianNewTrue dict_scale_sld_h[scaleCurrent] {'hadronic': <ROOT.TH1F object ("PtReco_hadronic_BukinMedian") at 0x7fa90fc5f160>, 'semileptonic': <ROOT.TH1F object ("PtReco_semileptonic_BukinMedian") at 0x7fa90fc5fbe0>}
scaleCurrent PtRecoTrunkllbbOneMuTruthWZBukinNew dict_scale_sld_h[scaleCurrent] {'hadronic': <ROOT.TH1F object ("PtReco_hadronic_Bukin") at 0x7fa90fc3c4b0>, 'muon': <ROOT.TH1F object ("PtReco_muon_Bukin") at 0x7fa90fc3ca30>, 'electron': <ROOT.TH1F object ("PtReco_electron_Bukin") at 0x7fa90fc3cf50>}
scaleCurrent PtRecoMoriondllbbOneMuPartonBukinOld dict_scale_sld_h[scaleCurrent] {'all': <ROOT.TH1F object ("PtReco_all_Bukin") at 0x7fa90fc2e750>}
scaleCurrent 161007_2ggA800ToZH500OneMuTruthWZGaussMedianNewTrue dict_scale_sld_h[scaleCurrent] {'hadronic': <ROOT.TH1F object ("PtReco_hadronic_GaussMedian") at 0x7fa90fc5d5f0>, 'semileptonic': <ROOT.TH1F object ("PtReco_semileptonic_GaussMedian") at 0x7fa90fc5dea0>}
scaleCurrent PtRecoTrunkllbbOneMuTruthWZNoneNew dict_scale_sld_h[scaleCurrent] {'hadronic': <ROOT.TH1F object ("PtReco_hadronic_None") at 0x7fa90fc06630>, 'muon': <ROOT.TH1F object ("PtReco_muon_None") at 0x7fa90fc4e8f0>, 'electron': <ROOT.TH1F object ("PtReco_electron_None") at 0x7fa90fc06b50>}
scaleCurrent PtRecoMoriondllbbAllMuPartonGaussNew dict_scale_sld_h[scaleCurrent] {'mu': <ROOT.TH1F object ("PtReco_mu_Gauss") at 0x7fa90fc35b90>, 'nosld': <ROOT.TH1F object ("PtReco_nosld_Gauss") at 0x7fa90fc35720>, 'el': <ROOT.TH1F object ("PtReco_el_Gauss") at 0x7fa90fc360a0>}
scaleCurrent PtRecoTrunkllbbOneMuTruthWZGaussMedianOld dict_scale_sld_h[scaleCurrent] {'inclusive': <ROOT.TH1F object ("PtReco_inclusive_GaussMedian") at 0x7fa90fc4d0b0>}
scaleCurrent PtRecoMoriondllbbOneMuPartonGaussOld dict_scale_sld_h[scaleCurrent] {'all': <ROOT.TH1F object ("PtReco_all_Gauss") at 0x7fa90fc2ccf0>}
scaleCurrent PtRecoNowllbbOneMuPartonBukinNewFalse dict_scale_sld_h[scaleCurrent] {'hadronic': <ROOT.TH1F object ("PtReco_hadronic_Bukin") at 0x7fa90fc42330>, 'semileptonic': <ROOT.TH1F object ("PtReco_semileptonic_Bukin") at 0x7fa90fc50430>}
scaleCurrent PtRecoMoriondllbbOneMuTruthWZGaussNew dict_scale_sld_h[scaleCurrent] {'mu': <ROOT.TH1F object ("PtReco_mu_Gauss") at 0x7fa90fc298c0>, 'nosld': <ROOT.TH1F object ("PtReco_nosld_Gauss") at 0x7fa90fc04e20>, 'el': <ROOT.TH1F object ("PtReco_el_Gauss") at 0x7fa90fc053b0>}
scaleCurrent PtRecoMoriondllbbOneMuPartonGaussNew dict_scale_sld_h[scaleCurrent] {'mu': <ROOT.TH1F object ("PtReco_mu_Gauss") at 0x7fa90fc287a0>, 'nosld': <ROOT.TH1F object ("PtReco_nosld_Gauss") at 0x7fa90fc276d0>, 'el': <ROOT.TH1F object ("PtReco_el_Gauss") at 0x7fa90fc2d260>}
scaleCurrent PtRecoTrunkllbbOneMuTruthWZBukinOld dict_scale_sld_h[scaleCurrent] {'inclusive': <ROOT.TH1F object ("PtReco_inclusive_Bukin") at 0x7fa90fc3bf40>}
scaleCurrent PtRecoNowllbbOneMuTruthWZGaussMedianNewTrue dict_scale_sld_h[scaleCurrent] {'hadronic': <ROOT.TH1F object ("PtReco_hadronic_GaussMedian") at 0x7fa90fc564e0>, 'semileptonic': <ROOT.TH1F object ("PtReco_semileptonic_GaussMedian") at 0x7fa90fc56a60>}
scaleCurrent PtRecoNowllbbOneMuPartonNoneNewTrue dict_scale_sld_h[scaleCurrent] {'hadronic': <ROOT.TH1F object ("PtReco_hadronic_None") at 0x7fa90fc3edc0>, 'semileptonic': <ROOT.TH1F object ("PtReco_semileptonic_None") at 0x7fa90fc3f190>}
scaleCurrent PtRecoTrunkllbbOneMuPartonGaussOld dict_scale_sld_h[scaleCurrent] {'inclusive': <ROOT.TH1F object ("PtReco_inclusive_Gauss") at 0x7fa90fc4a5d0>}
scaleCurrent PtRecoNowllbbOneMuPartonNoneNewFalse dict_scale_sld_h[scaleCurrent] {'hadronic': <ROOT.TH1F object ("PtReco_hadronic_None") at 0x7fa90fc3f930>, 'semileptonic': <ROOT.TH1F object ("PtReco_semileptonic_None") at 0x7fa90fc3f560>}
scaleCurrent PtRecoNowllbbOneMuTruthWZBukinMedianNewTrue dict_scale_sld_h[scaleCurrent] {'hadronic': <ROOT.TH1F object ("PtReco_hadronic_BukinMedian") at 0x7fa90fc59390>, 'semileptonic': <ROOT.TH1F object ("PtReco_semileptonic_BukinMedian") at 0x7fa90fc59910>}
scaleCurrent PtRecoNowllbbOneMuPartonGaussMedianNewTrue dict_scale_sld_h[scaleCurrent] {'hadronic': <ROOT.TH1F object ("PtReco_hadronic_GaussMedian") at 0x7fa90fc33560>, 'semileptonic': <ROOT.TH1F object ("PtReco_semileptonic_GaussMedian") at 0x7fa90fc3aca0>}
scaleCurrent PtRecoMoriondllbbOneMuPartonNoneNew dict_scale_sld_h[scaleCurrent] {'mu': <ROOT.TH1F object ("PtReco_mu_None") at 0x7fa90fc2c190>, 'nosld': <ROOT.TH1F object ("PtReco_nosld_None") at 0x7fa90fc28d60>, 'el': <ROOT.TH1F object ("PtReco_el_None") at 0x7fa90fc2c770>}
scaleCurrent PtRecoNowllbbOneMuTruthWZGaussMedianNewFalse dict_scale_sld_h[scaleCurrent] {'hadronic': <ROOT.TH1F object ("PtReco_hadronic_GaussMedian") at 0x7fa90fc56ff0>, 'semileptonic': <ROOT.TH1F object ("PtReco_semileptonic_GaussMedian") at 0x7fa90fc573c0>}
scaleCurrent PtRecoMoriondllbbAllMuPartonGaussOld dict_scale_sld_h[scaleCurrent] {'all': <ROOT.TH1F object ("PtReco_all_Gauss") at 0x7fa90fc281c0>}
scaleCurrent PtRecoNowllbbOneMuTruthWZBukinNewFalse dict_scale_sld_h[scaleCurrent] {'hadronic': <ROOT.TH1F object ("PtReco_hadronic_Bukin") at 0x7fa90fc58670>, 'semileptonic': <ROOT.TH1F object ("PtReco_semileptonic_Bukin") at 0x7fa90fc58be0>}
scaleCurrent PtRecoNowllbbOneMuPartonGaussNewTrue dict_scale_sld_h[scaleCurrent] {'hadronic': <ROOT.TH1F object ("PtReco_hadronic_Gauss") at 0x7fa90fc41020>, 'semileptonic': <ROOT.TH1F object ("PtReco_semileptonic_Gauss") at 0x7fa90fc3fd00>}
scaleCurrent 161007_2ggA800ToZH500OneMuTruthWZNoneNewTrue dict_scale_sld_h[scaleCurrent] {'hadronic': <ROOT.TH1F object ("PtReco_hadronic_None") at 0x7fa90fc5ab50>, 'semileptonic': <ROOT.TH1F object ("PtReco_semileptonic_None") at 0x7fa90fc5b500>}
scaleCurrent PtRecoTrunkllbbOneMuTruthWZNoneOld dict_scale_sld_h[scaleCurrent] {'inclusive': <ROOT.TH1F object ("PtReco_inclusive_None") at 0x7fa90fc48890>}
scaleCurrent PtRecoMoriondllbbAllMuPartonBukinOld dict_scale_sld_h[scaleCurrent] {'all': <ROOT.TH1F object ("PtReco_all_Bukin") at 0x7fa90fc36620>}
scaleCurrent PtRecoMoriondllbbOneMuTruthWZBukinOld dict_scale_sld_h[scaleCurrent] {'all': <ROOT.TH1F object ("PtReco_all_Bukin") at 0x7fa90fc29c90>}
scaleCurrent PtRecoTrunkllbbOneMuPartonNoneOld dict_scale_sld_h[scaleCurrent] {'inclusive': <ROOT.TH1F object ("PtReco_inclusive_None") at 0x7fa90fc48f40>}
All the options available are:
ADRIAN scale 161007_2ggA800ToZH500OneMuTruthWZBukinMedianNewTrue
ADRIAN scale 161007_2ggA800ToZH500OneMuTruthWZBukinNewTrue
ADRIAN scale 161007_2ggA800ToZH500OneMuTruthWZGaussMedianNewTrue
ADRIAN scale 161007_2ggA800ToZH500OneMuTruthWZGaussNewTrue
ADRIAN scale 161007_2ggA800ToZH500OneMuTruthWZNoneMedianNewTrue
ADRIAN scale 161007_2ggA800ToZH500OneMuTruthWZNoneNewTrue
ADRIAN scale PtRecoMoriondllbbAllMuPartonBukinNew
ADRIAN scale PtRecoMoriondllbbAllMuPartonBukinOld
ADRIAN scale PtRecoMoriondllbbAllMuPartonGaussNew
ADRIAN scale PtRecoMoriondllbbAllMuPartonGaussOld
ADRIAN scale PtRecoMoriondllbbAllMuPartonNoneNew
ADRIAN scale PtRecoMoriondllbbAllMuPartonNoneOld
ADRIAN scale PtRecoMoriondllbbAllMuTruthWZBukinNew
ADRIAN scale PtRecoMoriondllbbAllMuTruthWZBukinOld
ADRIAN scale PtRecoMoriondllbbAllMuTruthWZGaussNew
ADRIAN scale PtRecoMoriondllbbAllMuTruthWZGaussOld
ADRIAN scale PtRecoMoriondllbbAllMuTruthWZNoneNew
ADRIAN scale PtRecoMoriondllbbAllMuTruthWZNoneOld
ADRIAN scale PtRecoMoriondllbbOneMuPartonBukinNew
ADRIAN scale PtRecoMoriondllbbOneMuPartonBukinOld
ADRIAN scale PtRecoMoriondllbbOneMuPartonGaussNew
ADRIAN scale PtRecoMoriondllbbOneMuPartonGaussOld
ADRIAN scale PtRecoMoriondllbbOneMuPartonNoneNew
ADRIAN scale PtRecoMoriondllbbOneMuPartonNoneOld
ADRIAN scale PtRecoMoriondllbbOneMuTruthWZBukinNew
ADRIAN scale PtRecoMoriondllbbOneMuTruthWZBukinOld
ADRIAN scale PtRecoMoriondllbbOneMuTruthWZGaussNew
ADRIAN scale PtRecoMoriondllbbOneMuTruthWZGaussOld
ADRIAN scale PtRecoMoriondllbbOneMuTruthWZNoneNew
ADRIAN scale PtRecoMoriondllbbOneMuTruthWZNoneOld
ADRIAN scale PtRecoNowllbbOneMuPartonBukinMedianNewFalse
ADRIAN scale PtRecoNowllbbOneMuPartonBukinMedianNewTrue
ADRIAN scale PtRecoNowllbbOneMuPartonBukinNewFalse
ADRIAN scale PtRecoNowllbbOneMuPartonBukinNewTrue
ADRIAN scale PtRecoNowllbbOneMuPartonGaussMedianNewFalse
ADRIAN scale PtRecoNowllbbOneMuPartonGaussMedianNewTrue
ADRIAN scale PtRecoNowllbbOneMuPartonGaussNewFalse
ADRIAN scale PtRecoNowllbbOneMuPartonGaussNewTrue
ADRIAN scale PtRecoNowllbbOneMuPartonNoneMedianNewFalse
ADRIAN scale PtRecoNowllbbOneMuPartonNoneMedianNewTrue
ADRIAN scale PtRecoNowllbbOneMuPartonNoneNewFalse
ADRIAN scale PtRecoNowllbbOneMuPartonNoneNewTrue
ADRIAN scale PtRecoNowllbbOneMuTruthWZBukinMedianNewFalse
ADRIAN scale PtRecoNowllbbOneMuTruthWZBukinMedianNewTrue
ADRIAN scale PtRecoNowllbbOneMuTruthWZBukinNewFalse
ADRIAN scale PtRecoNowllbbOneMuTruthWZBukinNewTrue
ADRIAN scale PtRecoNowllbbOneMuTruthWZGaussMedianNewFalse
ADRIAN scale PtRecoNowllbbOneMuTruthWZGaussMedianNewTrue
ADRIAN scale PtRecoNowllbbOneMuTruthWZGaussNewFalse
ADRIAN scale PtRecoNowllbbOneMuTruthWZGaussNewTrue
ADRIAN scale PtRecoNowllbbOneMuTruthWZNoneMedianNewFalse
ADRIAN scale PtRecoNowllbbOneMuTruthWZNoneMedianNewTrue
ADRIAN scale PtRecoNowllbbOneMuTruthWZNoneNewFalse
ADRIAN scale PtRecoNowllbbOneMuTruthWZNoneNewTrue
ADRIAN scale PtRecoTrunkllbbOneMuPartonBukinMedianNew
ADRIAN scale PtRecoTrunkllbbOneMuPartonBukinMedianOld
ADRIAN scale PtRecoTrunkllbbOneMuPartonBukinNew
ADRIAN scale PtRecoTrunkllbbOneMuPartonBukinOld
ADRIAN scale PtRecoTrunkllbbOneMuPartonGaussMedianNew
ADRIAN scale PtRecoTrunkllbbOneMuPartonGaussMedianOld
ADRIAN scale PtRecoTrunkllbbOneMuPartonGaussNew
ADRIAN scale PtRecoTrunkllbbOneMuPartonGaussOld
ADRIAN scale PtRecoTrunkllbbOneMuPartonNoneNew
ADRIAN scale PtRecoTrunkllbbOneMuPartonNoneOld
ADRIAN scale PtRecoTrunkllbbOneMuTruthWZBukinMedianNew
ADRIAN scale PtRecoTrunkllbbOneMuTruthWZBukinMedianOld
ADRIAN scale PtRecoTrunkllbbOneMuTruthWZBukinNew
ADRIAN scale PtRecoTrunkllbbOneMuTruthWZBukinOld
ADRIAN scale PtRecoTrunkllbbOneMuTruthWZGaussMedianNew
ADRIAN scale PtRecoTrunkllbbOneMuTruthWZGaussMedianOld
ADRIAN scale PtRecoTrunkllbbOneMuTruthWZGaussNew
ADRIAN scale PtRecoTrunkllbbOneMuTruthWZGaussOld
ADRIAN scale PtRecoTrunkllbbOneMuTruthWZNoneNew
ADRIAN scale PtRecoTrunkllbbOneMuTruthWZNoneOld
I will use this list_scale
scale PtRecoNowggA800ToZH500OneMuTruthWZNoneNewTrue
scale PtRecoNowllbbOneMuTruthWZNoneNewTrue
scale PtRecoNowllbbOneMuTruthWZNoneNewTrue
variable Pt
variable Eta
variable Phi
variable E
scale PtRecoNowggA800ToZH500OneMuTruthWZNoneNewTrue
variable Pt
variable Eta
variable Phi
variable E
scale PtRecoNowllbbOneMuTruthWZNoneNewTrue
variable Pt
variable Eta
variable Phi
variable E
scale PtRecoNowggA800ToZH500OneMuTruthWZNoneNewTrue
variable Pt
variable Eta
variable Phi
variable E
Number of input events: 19252
******* new event 0  **********
b1
tlv_initial
(x,y,z,t)=(123.822255,98.061180,-86.398123,180.760071) (P,eta,phi,E)=(180.034945,-0.522850,0.669814,180.760071)
sldMoriond nosld
sldTrunk hadronic
sldNow hadronic
Attempting to get factor for scale PtRecoNowllbbOneMuTruthWZNoneNewTrue , currentsld hadronic , and Pt 157.9491875
Start fill_scale(scale,factor) with scale PtRecoNowllbbOneMuTruthWZNoneNewTrue factor 1.00714261336
tlv_final
(x,y,z,t)=(124.706670,98.761593,-87.015232,182.051170) (P,eta,phi,E)=(181.320865,-0.522850,0.669814,182.051170)
b1_PtRecoNowllbbOneMuTruthWZNoneNewTrue_Pt 159.077357476
b1_PtRecoNowllbbOneMuTruthWZNoneNewTrue_Eta -0.522849678993
b1_PtRecoNowllbbOneMuTruthWZNoneNewTrue_Phi 0.669813811779
b1_PtRecoNowllbbOneMuTruthWZNoneNewTrue_E 182.051169805
Done fill_scale(scale,factor)
Attempting to get factor for scale PtRecoNowggA800ToZH500OneMuTruthWZNoneNewTrue , currentsld hadronic , and Pt 157.9491875
